{
  "RSpec": {
    "coverage": {
      "/Users/akingundogdu/Documents/my.code/cope-at/railsbackend/app/models/user.rb": {
        "lines": [
          1,
          null,
          null,
          1,
          null,
          null,
          null,
          null,
          1,
          null,
          null,
          null,
          null,
          null,
          1,
          1,
          1,
          null,
          null,
          1,
          1,
          1,
          null,
          null,
          1,
          null,
          null,
          null,
          null,
          null,
          null,
          1,
          null,
          1,
          null,
          0,
          null,
          null,
          null,
          null,
          null,
          null,
          null,
          1,
          0,
          0,
          null,
          0,
          null,
          null,
          null,
          null,
          null,
          null,
          1,
          1365,
          null,
          null,
          null,
          null,
          null,
          null,
          1,
          0,
          null,
          null,
          null,
          null,
          null,
          null,
          1,
          0,
          null,
          null,
          1,
          0,
          null,
          null,
          1,
          80,
          0,
          null,
          null,
          1,
          null,
          1,
          747,
          741,
          1,
          null,
          null,
          null,
          1,
          80,
          0,
          null,
          null,
          null
        ]
      },
      "/Users/akingundogdu/Documents/my.code/cope-at/railsbackend/app/models/application_record.rb": {
        "lines": [
          1,
          1,
          null
        ]
      },
      "/Users/akingundogdu/Documents/my.code/cope-at/railsbackend/app/models/jwt_denylist.rb": {
        "lines": [
          1,
          1,
          null,
          1,
          null
        ]
      },
      "/Users/akingundogdu/Documents/my.code/cope-at/railsbackend/app/helpers/application_helper.rb": {
        "lines": [
          1,
          null
        ]
      },
      "/Users/akingundogdu/Documents/my.code/cope-at/railsbackend/app/helpers/home_helper.rb": {
        "lines": [
          1,
          null
        ]
      },
      "/Users/akingundogdu/Documents/my.code/cope-at/railsbackend/app/controllers/api/v1/base_controller.rb": {
        "lines": [
          1,
          1,
          1,
          1,
          1,
          null,
          1,
          1,
          1,
          null,
          1,
          1,
          1,
          1,
          1,
          null,
          1,
          null,
          1,
          1,
          null,
          null,
          1,
          1,
          null,
          null,
          1,
          1,
          null,
          null,
          1,
          0,
          null,
          null,
          1,
          13,
          null,
          null,
          1,
          4,
          null,
          null,
          null,
          null
        ]
      },
      "/Users/akingundogdu/Documents/my.code/cope-at/railsbackend/app/controllers/application_controller.rb": {
        "lines": [
          1,
          1,
          1,
          null,
          1,
          null,
          1,
          1,
          1,
          null,
          1,
          null,
          1,
          218,
          25,
          null,
          null,
          null,
          1,
          716,
          null,
          null,
          1,
          0,
          null,
          null,
          1,
          0,
          null,
          null,
          1,
          0,
          null,
          null,
          1,
          251,
          null,
          null
        ]
      },
      "/Users/akingundogdu/Documents/my.code/cope-at/railsbackend/app/controllers/concerns/user_activity.rb": {
        "lines": [
          1,
          1,
          null,
          1,
          1,
          null,
          null,
          1,
          null,
          1,
          134,
          null,
          101,
          null,
          null,
          102,
          null,
          null,
          1,
          102,
          null,
          null,
          null
        ]
      },
      "/Users/akingundogdu/Documents/my.code/cope-at/railsbackend/app/controllers/api/v1/departments_controller.rb": {
        "lines": [
          1,
          1,
          1,
          1,
          null,
          null,
          1,
          4,
          4,
          4,
          null,
          null,
          null,
          1,
          2,
          2,
          null,
          null,
          null,
          1,
          5,
          5,
          null,
          4,
          2,
          null,
          2,
          null,
          null,
          null,
          null,
          1,
          4,
          null,
          3,
          2,
          null,
          1,
          null,
          null,
          null,
          null,
          1,
          3,
          1,
          1,
          null,
          null,
          null,
          1,
          0,
          0,
          null,
          null,
          null,
          1,
          2,
          2,
          null,
          null,
          1,
          8,
          null,
          7,
          null,
          4,
          3,
          null,
          1,
          null,
          null,
          3,
          null,
          1,
          null,
          null,
          1,
          4,
          null,
          null,
          4,
          4,
          null,
          8,
          null,
          null,
          null,
          null,
          null,
          null,
          null,
          null,
          8,
          null,
          null,
          null,
          4,
          null,
          4,
          1,
          null,
          3,
          null,
          null,
          null,
          1,
          3,
          null,
          3,
          null,
          6,
          null,
          null,
          null,
          3,
          null,
          2,
          1,
          null,
          1,
          null,
          null,
          1,
          null,
          0,
          null,
          null,
          1,
          1,
          1,
          1,
          null,
          null,
          1,
          1,
          1,
          1,
          null,
          null,
          1,
          null,
          1,
          13,
          null,
          2,
          null,
          null,
          1,
          8,
          null,
          null,
          1,
          7,
          21,
          null,
          null,
          null,
          1,
          7,
          null,
          null,
          1,
          null,
          14,
          null,
          null,
          null,
          null,
          null,
          null
        ]
      },
      "/Users/akingundogdu/Documents/my.code/cope-at/railsbackend/app/controllers/api/v1/employees_controller.rb": {
        "lines": [
          1,
          1,
          1,
          1,
          null,
          null,
          1,
          3,
          3,
          3,
          3,
          null,
          null,
          null,
          1,
          1,
          1,
          null,
          null,
          null,
          1,
          2,
          2,
          null,
          2,
          1,
          null,
          1,
          null,
          null,
          null,
          null,
          1,
          2,
          null,
          2,
          1,
          null,
          1,
          null,
          null,
          null,
          null,
          1,
          1,
          1,
          1,
          null,
          null,
          null,
          1,
          1,
          1,
          1,
          null,
          null,
          null,
          1,
          1,
          1,
          1,
          null,
          null,
          null,
          1,
          0,
          0,
          0,
          0,
          null,
          null,
          null,
          1,
          0,
          0,
          0,
          0,
          null,
          null,
          1,
          1,
          1,
          1,
          null,
          null,
          1,
          3,
          2,
          1,
          1,
          null,
          0,
          null,
          null,
          1,
          null,
          null,
          1,
          0,
          0,
          null,
          0,
          0,
          null,
          0,
          null,
          null,
          null,
          1,
          0,
          0,
          null,
          0,
          0,
          null,
          0,
          null,
          null,
          null,
          1,
          null,
          1,
          7,
          null,
          1,
          null,
          null,
          1,
          4,
          null,
          null,
          null,
          null,
          null,
          1,
          2,
          3,
          null,
          null,
          null,
          1,
          0,
          0,
          null,
          null,
          null,
          1,
          null,
          0,
          null,
          null,
          null,
          null,
          null,
          null
        ]
      },
      "/Users/akingundogdu/Documents/my.code/cope-at/railsbackend/app/controllers/api/v1/feedbacks_controller.rb": {
        "lines": [
          1,
          1,
          1,
          1,
          null,
          null,
          1,
          5,
          null,
          null,
          5,
          1,
          null,
          4,
          null,
          null,
          null,
          5,
          null,
          null,
          5,
          null,
          null,
          5,
          null,
          null,
          5,
          null,
          null,
          5,
          5,
          null,
          null,
          5,
          null,
          null,
          5,
          1,
          null,
          1,
          null,
          0,
          null,
          0,
          null,
          null,
          null,
          null,
          5,
          5,
          null,
          null,
          5,
          null,
          null,
          5,
          null,
          5,
          null,
          null,
          null,
          null,
          null,
          null,
          1,
          3,
          null,
          null,
          null,
          null,
          null,
          1,
          4,
          4,
          null,
          4,
          3,
          null,
          null,
          null,
          null,
          1,
          null,
          null,
          null,
          null,
          null,
          null,
          1,
          3,
          1,
          null,
          null,
          null,
          null,
          2,
          2,
          null,
          null,
          null,
          null,
          0,
          null,
          null,
          null,
          null,
          null,
          null,
          1,
          2,
          1,
          null,
          null,
          null,
          null,
          1,
          1,
          null,
          null,
          null,
          0,
          null,
          null,
          null,
          null,
          null,
          null,
          1,
          0,
          0,
          null,
          0,
          0,
          null,
          null,
          null,
          null,
          0,
          null,
          null,
          null,
          null,
          null,
          null,
          1,
          0,
          0,
          0,
          null,
          0,
          0,
          null,
          null,
          null,
          null,
          null,
          0,
          0,
          null,
          null,
          null,
          null,
          null,
          null,
          null,
          0,
          0,
          null,
          null,
          null,
          null,
          null,
          null,
          1,
          3,
          3,
          3,
          null,
          3,
          null,
          null,
          null,
          3,
          null,
          null,
          null,
          null,
          null,
          null,
          null,
          null,
          null,
          null,
          null,
          null,
          3,
          1,
          1,
          null,
          null,
          null,
          null,
          null,
          null,
          3,
          null,
          null,
          null,
          null,
          null,
          null,
          null,
          null,
          null,
          null,
          1,
          0,
          0,
          null,
          0,
          0,
          null,
          null,
          null,
          null,
          0,
          null,
          0,
          null,
          null,
          null,
          null,
          null,
          null,
          null,
          null,
          null,
          1,
          2,
          2,
          null,
          null,
          2,
          2,
          6,
          6,
          34,
          28,
          28,
          28,
          null,
          null,
          null,
          2,
          28,
          null,
          null,
          null,
          null,
          1,
          2,
          2,
          2,
          null,
          2,
          0,
          null,
          null,
          null,
          null,
          null,
          2,
          2,
          6,
          null,
          null,
          null,
          null,
          null,
          null,
          null,
          null,
          null,
          2,
          null,
          null,
          null,
          null,
          null,
          null,
          0,
          0,
          null,
          null,
          null,
          null,
          null,
          null,
          1,
          2,
          null,
          null,
          2,
          null,
          null,
          null,
          null,
          null,
          null,
          null,
          null,
          null,
          1,
          2,
          2,
          null,
          2,
          2,
          null,
          null,
          2,
          null,
          null,
          null,
          null,
          null,
          null,
          null,
          null,
          2,
          null,
          null,
          null,
          null,
          1,
          null,
          1,
          9,
          null,
          0,
          null,
          null,
          1,
          9,
          null,
          null,
          null,
          9,
          null,
          null,
          null,
          1,
          null,
          null,
          null,
          1,
          6,
          null,
          null,
          null,
          null,
          null,
          1,
          5,
          null,
          8,
          null,
          null,
          null,
          null,
          null,
          null,
          null,
          null,
          null,
          null,
          null,
          null,
          null,
          null,
          null,
          null,
          null,
          null,
          null,
          null,
          null,
          null,
          null,
          1,
          null,
          8,
          null,
          8,
          null,
          8,
          8,
          null,
          null,
          null,
          null,
          null,
          null,
          null,
          null,
          8,
          null,
          null,
          null,
          null,
          null,
          null,
          null,
          null,
          null,
          null,
          null,
          null,
          null,
          null,
          null,
          null,
          null,
          null,
          null,
          null,
          1,
          0,
          null,
          null,
          1,
          null,
          5,
          null,
          null,
          null,
          null,
          null,
          null
        ]
      },
      "/Users/akingundogdu/Documents/my.code/cope-at/railsbackend/app/controllers/api/v1/goals_controller.rb": {
        "lines": [
          1,
          1,
          1,
          1,
          null,
          null,
          1,
          4,
          null,
          null,
          4,
          4,
          null,
          null,
          4,
          null,
          null,
          4,
          null,
          null,
          4,
          null,
          null,
          4,
          null,
          null,
          4,
          null,
          null,
          4,
          null,
          null,
          4,
          null,
          4,
          null,
          null,
          null,
          null,
          null,
          null,
          1,
          2,
          null,
          null,
          null,
          null,
          null,
          1,
          2,
          2,
          null,
          2,
          1,
          null,
          null,
          null,
          null,
          1,
          null,
          null,
          null,
          null,
          null,
          null,
          null,
          1,
          2,
          2,
          null,
          null,
          null,
          null,
          0,
          null,
          null,
          null,
          null,
          null,
          null,
          1,
          0,
          0,
          null,
          null,
          null,
          0,
          null,
          null,
          null,
          null,
          null,
          null,
          1,
          0,
          0,
          null,
          0,
          0,
          null,
          null,
          null,
          null,
          0,
          null,
          null,
          null,
          null,
          null,
          null,
          1,
          0,
          null,
          0,
          0,
          null,
          null,
          null,
          null,
          0,
          null,
          null,
          null,
          null,
          null,
          null,
          1,
          0,
          null,
          0,
          0,
          null,
          null,
          null,
          null,
          0,
          null,
          null,
          null,
          null,
          null,
          null,
          1,
          0,
          null,
          0,
          0,
          null,
          null,
          null,
          null,
          0,
          null,
          null,
          null,
          null,
          null,
          null,
          1,
          0,
          null,
          0,
          0,
          null,
          null,
          null,
          null,
          0,
          null,
          null,
          null,
          null,
          null,
          null,
          1,
          1,
          null,
          null,
          1,
          1,
          3,
          null,
          null,
          3,
          3,
          null,
          null,
          null,
          0,
          null,
          null,
          3,
          null,
          null,
          null,
          1,
          null,
          null,
          0,
          0,
          null,
          null,
          null,
          null,
          null,
          null,
          1,
          1,
          null,
          null,
          1,
          1,
          null,
          1,
          null,
          null,
          null,
          null,
          null,
          null,
          null,
          null,
          null,
          1,
          0,
          0,
          null,
          null,
          0,
          0,
          null,
          0,
          null,
          null,
          null,
          null,
          null,
          null,
          null,
          null,
          null,
          null,
          1,
          1,
          1,
          null,
          1,
          null,
          null,
          null,
          null,
          null,
          1,
          null,
          null,
          null,
          null,
          null,
          null,
          null,
          1,
          null,
          1,
          4,
          null,
          0,
          null,
          null,
          1,
          4,
          null,
          null,
          4,
          null,
          null,
          null,
          0,
          null,
          null,
          null,
          1,
          4,
          null,
          null,
          null,
          null,
          null,
          1,
          5,
          null,
          7,
          null,
          null,
          null,
          null,
          null,
          null,
          null,
          null,
          null,
          null,
          null,
          null,
          null,
          null,
          null,
          null,
          null,
          null,
          null,
          null,
          null,
          null,
          null,
          null,
          null,
          1,
          null,
          5,
          null,
          null,
          null,
          null,
          null,
          null,
          null,
          null,
          null,
          5,
          null,
          null,
          null,
          null,
          null,
          null,
          null,
          null,
          null,
          null,
          null,
          null,
          null,
          null,
          null,
          null,
          null,
          null,
          null,
          null,
          null,
          null,
          null,
          null,
          1,
          0,
          null,
          null,
          1,
          6,
          6,
          null,
          null,
          6,
          null,
          null,
          1,
          null,
          4,
          null,
          null,
          null,
          null,
          null,
          null
        ]
      },
      "/Users/akingundogdu/Documents/my.code/cope-at/railsbackend/app/controllers/api/v1/kpis_controller.rb": {
        "lines": [
          1,
          1,
          1,
          1,
          null,
          null,
          1,
          4,
          null,
          null,
          4,
          4,
          null,
          null,
          4,
          null,
          null,
          4,
          null,
          null,
          4,
          null,
          null,
          4,
          null,
          null,
          4,
          null,
          null,
          4,
          0,
          null,
          null,
          null,
          4,
          null,
          null,
          4,
          4,
          null,
          null,
          4,
          null,
          null,
          4,
          null,
          4,
          null,
          null,
          null,
          null,
          null,
          null,
          1,
          2,
          null,
          null,
          null,
          null,
          null,
          1,
          2,
          2,
          null,
          2,
          1,
          null,
          null,
          null,
          null,
          1,
          null,
          null,
          null,
          null,
          null,
          null,
          1,
          2,
          2,
          null,
          null,
          null,
          null,
          0,
          null,
          null,
          null,
          null,
          null,
          null,
          1,
          0,
          0,
          null,
          null,
          null,
          0,
          null,
          null,
          null,
          null,
          null,
          null,
          1,
          0,
          0,
          null,
          0,
          0,
          null,
          null,
          null,
          null,
          0,
          null,
          null,
          null,
          null,
          null,
          null,
          1,
          0,
          null,
          0,
          0,
          null,
          null,
          null,
          null,
          0,
          null,
          null,
          null,
          null,
          null,
          null,
          1,
          0,
          null,
          0,
          0,
          null,
          null,
          null,
          null,
          0,
          null,
          null,
          null,
          null,
          null,
          null,
          1,
          2,
          2,
          null,
          null,
          2,
          null,
          null,
          10,
          10,
          null,
          10,
          10,
          null,
          null,
          2,
          null,
          null,
          null,
          null,
          null,
          1,
          2,
          2,
          2,
          2,
          null,
          null,
          2,
          null,
          null,
          null,
          2,
          2,
          2,
          null,
          null,
          2,
          2,
          2,
          null,
          null,
          2,
          2,
          1,
          null,
          1,
          null,
          null,
          2,
          null,
          null,
          null,
          null,
          null,
          null,
          null,
          null,
          null,
          null,
          null,
          null,
          null,
          null,
          null,
          1,
          0,
          0,
          0,
          null,
          0,
          0,
          null,
          null,
          null,
          null,
          0,
          null,
          0,
          null,
          null,
          null,
          null,
          null,
          null,
          null,
          null,
          null,
          null,
          1,
          0,
          0,
          null,
          0,
          0,
          null,
          null,
          null,
          null,
          null,
          0,
          0,
          null,
          null,
          0,
          0,
          null,
          null,
          null,
          null,
          null,
          null,
          1,
          2,
          2,
          2,
          null,
          null,
          2,
          null,
          null,
          null,
          null,
          2,
          2,
          9,
          9,
          9,
          9,
          null,
          9,
          null,
          null,
          null,
          null,
          null,
          null,
          2,
          null,
          null,
          null,
          null,
          null,
          null,
          null,
          null,
          null,
          1,
          2,
          2,
          null,
          null,
          2,
          18,
          2,
          null,
          2,
          null,
          null,
          null,
          null,
          null,
          null,
          null,
          null,
          null,
          null,
          null,
          null,
          null,
          null,
          null,
          null,
          1,
          2,
          null,
          null,
          2,
          2,
          4,
          null,
          null,
          3,
          3,
          null,
          null,
          null,
          0,
          null,
          null,
          3,
          null,
          null,
          null,
          1,
          null,
          null,
          1,
          1,
          null,
          null,
          null,
          0,
          null,
          null,
          null,
          null,
          null,
          1,
          null,
          1,
          4,
          null,
          0,
          null,
          null,
          1,
          4,
          null,
          null,
          4,
          null,
          null,
          null,
          0,
          null,
          null,
          null,
          1,
          4,
          null,
          null,
          null,
          null,
          null,
          null,
          1,
          4,
          null,
          4,
          null,
          null,
          null,
          null,
          null,
          null,
          null,
          4,
          null,
          null,
          null,
          null,
          null,
          null,
          null,
          null,
          null,
          null,
          null,
          null,
          null,
          null,
          null,
          null,
          null,
          null,
          null,
          null,
          null,
          null,
          1,
          null,
          5,
          null,
          null,
          5,
          null,
          null,
          5,
          null,
          null,
          null,
          null,
          null,
          null,
          null,
          null,
          null,
          5,
          null,
          null,
          null,
          null,
          null,
          null,
          null,
          null,
          null,
          null,
          null,
          null,
          null,
          null,
          null,
          null,
          null,
          null,
          null,
          null,
          null,
          null,
          null,
          null,
          null,
          null,
          null,
          null,
          null,
          1,
          0,
          null,
          null,
          1,
          10,
          10,
          null,
          null,
          10,
          null,
          null,
          1,
          null,
          4,
          null,
          null,
          null,
          null,
          null,
          null
        ]
      },
      "/Users/akingundogdu/Documents/my.code/cope-at/railsbackend/app/controllers/api/v1/performance_reviews_controller.rb": {
        "lines": [
          1,
          1,
          1,
          1,
          null,
          null,
          1,
          5,
          null,
          null,
          5,
          5,
          null,
          null,
          5,
          null,
          null,
          5,
          null,
          null,
          5,
          null,
          null,
          5,
          null,
          null,
          5,
          null,
          null,
          5,
          null,
          5,
          null,
          null,
          null,
          null,
          null,
          null,
          1,
          2,
          null,
          null,
          null,
          null,
          null,
          1,
          4,
          4,
          4,
          null,
          4,
          2,
          null,
          null,
          null,
          null,
          2,
          null,
          null,
          null,
          null,
          null,
          null,
          1,
          null,
          2,
          1,
          null,
          null,
          null,
          null,
          1,
          1,
          null,
          null,
          null,
          null,
          0,
          null,
          null,
          null,
          null,
          null,
          null,
          1,
          null,
          2,
          1,
          null,
          null,
          null,
          null,
          1,
          1,
          null,
          0,
          null,
          null,
          null,
          null,
          null,
          null,
          1,
          null,
          3,
          2,
          null,
          null,
          null,
          null,
          1,
          1,
          null,
          null,
          null,
          null,
          0,
          null,
          null,
          null,
          null,
          null,
          null,
          1,
          2,
          1,
          null,
          null,
          1,
          1,
          null,
          null,
          null,
          null,
          0,
          null,
          null,
          null,
          null,
          null,
          null,
          1,
          null,
          2,
          1,
          null,
          null,
          null,
          null,
          1,
          null,
          1,
          1,
          null,
          null,
          null,
          null,
          0,
          null,
          null,
          null,
          null,
          null,
          null,
          1,
          0,
          null,
          0,
          null,
          null,
          null,
          null,
          null,
          null,
          null,
          null,
          null,
          null,
          1,
          1,
          null,
          null,
          null,
          null,
          null,
          1,
          3,
          3,
          null,
          3,
          0,
          0,
          null,
          null,
          null,
          3,
          3,
          3,
          null,
          null,
          3,
          null,
          null,
          null,
          null,
          null,
          null,
          null,
          3,
          null,
          null,
          null,
          null,
          null,
          null,
          null,
          null,
          3,
          1,
          1,
          null,
          null,
          3,
          null,
          null,
          1,
          null,
          1,
          18,
          null,
          2,
          null,
          null,
          1,
          16,
          null,
          null,
          16,
          null,
          null,
          null,
          null,
          null,
          2,
          null,
          null,
          null,
          1,
          5,
          null,
          null,
          null,
          null,
          null,
          1,
          5,
          null,
          15,
          null,
          null,
          null,
          null,
          null,
          null,
          null,
          null,
          null,
          null,
          null,
          null,
          null,
          null,
          null,
          null,
          null,
          null,
          null,
          null,
          null,
          null,
          null,
          null,
          null,
          1,
          null,
          8,
          null,
          null,
          null,
          null,
          null,
          null,
          null,
          null,
          null,
          null,
          null,
          null,
          null,
          null,
          null,
          null,
          null,
          null,
          null,
          null,
          null,
          null,
          null,
          null,
          null,
          null,
          null,
          3,
          5,
          null,
          null,
          null,
          null,
          null,
          null,
          1,
          0,
          null,
          null,
          1,
          4,
          4,
          null,
          null,
          4,
          null,
          null,
          1,
          null,
          5,
          null,
          null,
          null,
          null,
          null,
          null,
          1,
          null,
          1,
          null,
          null,
          null,
          null,
          null,
          null,
          null,
          null,
          null,
          null,
          null,
          null,
          null,
          null,
          null,
          null,
          null,
          null,
          null,
          null,
          1,
          2,
          2,
          2,
          6,
          6,
          6,
          null,
          null,
          null,
          0,
          null,
          2,
          null,
          null,
          1,
          3,
          3,
          null,
          1,
          null,
          3,
          null,
          null,
          null,
          null,
          null,
          null,
          1,
          3,
          3,
          null,
          7,
          null,
          null,
          1,
          3,
          null,
          3,
          null,
          null,
          null,
          null,
          null,
          null,
          null,
          null,
          1,
          1,
          1,
          null,
          1,
          null,
          null,
          null,
          null,
          null,
          1,
          null,
          null,
          null,
          null,
          null,
          null,
          1,
          1,
          1,
          null,
          null,
          null,
          null,
          null,
          1,
          null,
          null,
          null,
          null,
          1,
          1,
          1,
          1,
          null,
          null,
          1,
          1,
          6,
          null,
          null
        ]
      },
      "/Users/akingundogdu/Documents/my.code/cope-at/railsbackend/app/controllers/api/v1/permissions_controller.rb": {
        "lines": [
          1,
          1,
          1,
          1,
          1,
          null,
          1,
          5,
          4,
          4,
          4,
          null,
          null,
          1,
          1,
          1,
          null,
          null,
          1,
          8,
          6,
          null,
          6,
          1,
          null,
          5,
          null,
          null,
          null,
          1,
          2,
          2,
          1,
          null,
          1,
          null,
          null,
          null,
          1,
          4,
          1,
          1,
          null,
          null,
          1,
          2,
          2,
          1,
          1,
          null,
          0,
          null,
          null,
          1,
          null,
          null,
          1,
          null,
          1,
          23,
          null,
          0,
          null,
          null,
          1,
          8,
          null,
          1,
          null,
          null,
          1,
          8,
          null,
          null,
          1,
          2,
          3,
          null,
          null,
          null,
          null,
          null
        ]
      },
      "/Users/akingundogdu/Documents/my.code/cope-at/railsbackend/app/controllers/api/v1/positions_controller.rb": {
        "lines": [
          1,
          1,
          1,
          1,
          null,
          null,
          1,
          3,
          3,
          3,
          3,
          null,
          null,
          null,
          1,
          1,
          1,
          null,
          null,
          null,
          1,
          2,
          2,
          null,
          2,
          1,
          null,
          1,
          null,
          null,
          null,
          null,
          1,
          2,
          null,
          2,
          1,
          null,
          1,
          null,
          null,
          null,
          null,
          1,
          1,
          1,
          1,
          null,
          null,
          null,
          1,
          0,
          0,
          null,
          null,
          null,
          1,
          0,
          0,
          0,
          0,
          null,
          null,
          1,
          1,
          1,
          1,
          null,
          null,
          1,
          1,
          1,
          1,
          null,
          null,
          1,
          3,
          2,
          1,
          1,
          null,
          0,
          null,
          null,
          1,
          null,
          null,
          1,
          0,
          0,
          null,
          0,
          0,
          null,
          0,
          null,
          null,
          null,
          1,
          0,
          0,
          null,
          0,
          0,
          null,
          0,
          null,
          null,
          null,
          1,
          null,
          1,
          6,
          null,
          1,
          null,
          null,
          1,
          4,
          null,
          null,
          1,
          2,
          3,
          null,
          null,
          null,
          1,
          0,
          0,
          null,
          null,
          null,
          1,
          null,
          0,
          null,
          null,
          null,
          null,
          null,
          null
        ]
      },
      "/Users/akingundogdu/Documents/my.code/cope-at/railsbackend/app/controllers/api/v1/users_controller.rb": {
        "lines": [
          1,
          1,
          1,
          1,
          1,
          1,
          null,
          1,
          0,
          0,
          0,
          null,
          0,
          null,
          null,
          null,
          1,
          0,
          0,
          0,
          null,
          null,
          1,
          0,
          0,
          0,
          0,
          null,
          0,
          null,
          null,
          null,
          1,
          4,
          4,
          2,
          2,
          null,
          2,
          null,
          null,
          null,
          1,
          4,
          4,
          2,
          2,
          null,
          2,
          null,
          null,
          null,
          1,
          1,
          1,
          1,
          null,
          null,
          1,
          1,
          1,
          null,
          null,
          1,
          2,
          2,
          1,
          null,
          1,
          null,
          null,
          null,
          1,
          3,
          3,
          2,
          1,
          null,
          1,
          null,
          null,
          1,
          null,
          null,
          null,
          1,
          null,
          1,
          0,
          null,
          null,
          1,
          4,
          null,
          null,
          1,
          2,
          null,
          null,
          1,
          2,
          null,
          null,
          null,
          null
        ]
      },
      "/Users/akingundogdu/Documents/my.code/cope-at/railsbackend/app/controllers/home_controller.rb": {
        "lines": [
          1,
          1,
          null,
          1,
          2,
          null,
          null
        ]
      },
      "/Users/akingundogdu/Documents/my.code/cope-at/railsbackend/app/models/concerns/cacheable.rb": {
        "lines": [
          1,
          1,
          null,
          1,
          1,
          1642,
          null,
          null,
          1,
          2,
          2,
          null,
          null,
          null,
          1,
          2,
          null,
          2,
          2,
          null,
          null,
          null,
          1,
          2,
          2,
          null,
          null,
          null,
          null,
          1,
          1639,
          null,
          null,
          1,
          817,
          null,
          null,
          1,
          818,
          null,
          null,
          1,
          null,
          1,
          816,
          816,
          null,
          null
        ]
      },
      "/Users/akingundogdu/Documents/my.code/cope-at/railsbackend/app/models/feedback_request.rb": {
        "lines": [
          1,
          null,
          1,
          1,
          null,
          null,
          1,
          null,
          null,
          null,
          null,
          null,
          null,
          1,
          null,
          null,
          null,
          null,
          null,
          null,
          null,
          null,
          1,
          1,
          1,
          null,
          null,
          1,
          null,
          null,
          1,
          1,
          1,
          1,
          null
        ]
      },
      "/Users/akingundogdu/Documents/my.code/cope-at/railsbackend/app/models/feedback.rb": {
        "lines": [
          1,
          1,
          null,
          null,
          1,
          1,
          1,
          null,
          null,
          1,
          null,
          null,
          null,
          null,
          null,
          null,
          null,
          null,
          null,
          1,
          1,
          1,
          1,
          1,
          1,
          null,
          null,
          1,
          null,
          null,
          8,
          1,
          3,
          2,
          1,
          1,
          1,
          1,
          null,
          null,
          1,
          1,
          1,
          null,
          null,
          1,
          10,
          10,
          null,
          null,
          1,
          8,
          null,
          null,
          1,
          null,
          8,
          null,
          null,
          null,
          7,
          null,
          null,
          1,
          60,
          null,
          0,
          null,
          0,
          null,
          1,
          null,
          58,
          null,
          1,
          null,
          0,
          null,
          null,
          null,
          1,
          16,
          15,
          15,
          15,
          15,
          null,
          null,
          1,
          21,
          null,
          null,
          1,
          16,
          null,
          null,
          1,
          8,
          null,
          null,
          1,
          0,
          null,
          0,
          0,
          null,
          null,
          null,
          null,
          0,
          null,
          null,
          null,
          1,
          0,
          0,
          null,
          null,
          0,
          null,
          null,
          null,
          null,
          null,
          null,
          null,
          null,
          null,
          1,
          0,
          0,
          null,
          0,
          null,
          null,
          null,
          0,
          0,
          null,
          0,
          null,
          null,
          null,
          null,
          0,
          null,
          null,
          0,
          null,
          0,
          0,
          null,
          null,
          null,
          1,
          0,
          null,
          0,
          null,
          null,
          null,
          null,
          null,
          0,
          0,
          null,
          0,
          null,
          null,
          null,
          null,
          null,
          null,
          null,
          1,
          0,
          null,
          0,
          null,
          null,
          null,
          null,
          null,
          null,
          1,
          null,
          1,
          90,
          6,
          null,
          null,
          null,
          1,
          90,
          null,
          85,
          null,
          3,
          0,
          null,
          null,
          0,
          0,
          null,
          null,
          79,
          0,
          null,
          null,
          null,
          null,
          1,
          90,
          0,
          null,
          null,
          null,
          1,
          null,
          null,
          null,
          null,
          1,
          85,
          null,
          null,
          1,
          0,
          null,
          0,
          0,
          null,
          0,
          null,
          null
        ]
      },
      "/Users/akingundogdu/Documents/my.code/cope-at/railsbackend/app/models/goal.rb": {
        "lines": [
          1,
          1,
          null,
          null,
          1,
          1,
          null,
          null,
          1,
          null,
          null,
          null,
          null,
          null,
          null,
          null,
          1,
          null,
          null,
          null,
          null,
          null,
          null,
          null,
          1,
          1,
          1,
          1,
          1,
          1,
          1,
          null,
          null,
          1,
          null,
          null,
          3,
          3,
          3,
          1,
          2,
          1,
          1,
          1,
          null,
          null,
          1,
          1,
          1,
          1,
          1,
          null,
          null,
          1,
          25,
          25,
          25,
          null,
          null,
          1,
          null,
          1,
          35,
          null,
          null,
          1,
          13,
          null,
          null,
          1,
          null,
          1,
          5,
          0,
          null,
          null,
          1,
          12,
          11,
          10,
          0,
          null,
          null,
          1,
          15,
          null,
          15,
          15,
          null,
          15,
          15,
          null,
          0,
          null,
          null,
          1,
          0,
          null,
          0,
          0,
          0,
          null,
          0,
          0,
          0,
          null,
          null,
          0,
          null,
          null,
          0,
          null,
          0,
          null,
          null,
          1,
          0,
          null,
          0,
          0,
          null,
          null,
          null,
          null,
          null,
          null,
          0,
          null,
          null,
          1,
          0,
          null,
          0,
          0,
          null,
          null,
          null,
          null,
          0,
          null,
          null,
          1,
          0,
          null,
          0,
          0,
          null,
          null,
          null,
          null,
          0,
          null,
          null,
          1,
          0,
          null,
          0,
          0,
          null,
          null,
          null,
          null,
          0,
          null,
          null,
          null,
          1,
          null,
          17,
          null,
          17,
          null,
          null,
          null,
          null,
          null,
          1,
          12,
          12,
          12,
          null,
          null,
          null,
          1,
          0,
          null,
          0,
          null,
          null,
          null,
          null,
          null,
          null,
          null,
          1,
          0,
          0,
          0,
          0,
          null,
          null,
          null,
          null,
          1,
          null,
          5,
          5,
          5,
          5,
          5,
          null,
          5,
          null,
          null,
          1,
          1,
          null,
          1,
          1,
          1,
          1,
          1,
          null,
          1,
          null,
          null,
          1,
          null,
          1,
          61,
          45,
          null,
          39,
          0,
          null,
          null,
          null,
          1,
          62,
          null,
          51,
          2,
          null,
          null,
          null,
          1,
          46,
          1,
          null,
          null,
          null,
          1,
          10,
          1,
          9,
          0,
          null,
          null,
          null,
          1,
          5,
          0,
          null,
          null,
          null,
          1,
          46,
          null,
          null
        ]
      },
      "/Users/akingundogdu/Documents/my.code/cope-at/railsbackend/app/models/kpi.rb": {
        "lines": [
          1,
          1,
          null,
          null,
          1,
          1,
          1,
          null,
          null,
          1,
          null,
          null,
          null,
          null,
          null,
          null,
          1,
          null,
          null,
          null,
          null,
          null,
          null,
          null,
          null,
          null,
          1,
          null,
          null,
          null,
          null,
          null,
          null,
          null,
          null,
          1,
          1,
          1,
          1,
          1,
          1,
          1,
          1,
          null,
          null,
          1,
          null,
          null,
          3,
          3,
          1,
          1,
          1,
          1,
          2,
          3,
          3,
          null,
          null,
          1,
          1,
          1,
          null,
          null,
          1,
          63,
          62,
          null,
          null,
          1,
          30,
          null,
          30,
          null,
          8,
          null,
          4,
          null,
          4,
          null,
          0,
          null,
          14,
          null,
          null,
          null,
          1,
          9,
          null,
          null,
          1,
          5,
          null,
          null,
          1,
          57,
          null,
          null,
          1,
          52,
          52,
          null,
          52,
          52,
          null,
          52,
          null,
          null,
          1,
          47,
          47,
          null,
          47,
          null,
          null,
          1,
          42,
          null,
          null,
          1,
          9,
          null,
          null,
          1,
          0,
          null,
          0,
          null,
          0,
          null,
          0,
          null,
          0,
          null,
          0,
          null,
          null,
          null,
          1,
          9,
          null,
          0,
          null,
          3,
          null,
          0,
          null,
          0,
          null,
          6,
          null,
          null,
          null,
          1,
          9,
          null,
          0,
          null,
          3,
          null,
          0,
          null,
          0,
          null,
          6,
          null,
          null,
          null,
          1,
          0,
          null,
          0,
          0,
          0,
          null,
          null,
          0,
          0,
          null,
          null,
          0,
          null,
          null,
          0,
          null,
          0,
          null,
          null,
          1,
          0,
          null,
          0,
          0,
          null,
          null,
          null,
          null,
          0,
          null,
          null,
          1,
          0,
          null,
          0,
          0,
          null,
          null,
          null,
          null,
          0,
          null,
          null,
          1,
          5,
          null,
          null,
          1,
          null,
          20,
          12,
          8,
          8,
          null,
          0,
          null,
          null,
          null,
          null,
          1,
          0,
          0,
          null,
          null,
          0,
          null,
          null,
          null,
          null,
          null,
          null,
          null,
          1,
          0,
          null,
          null,
          null,
          null,
          1,
          0,
          null,
          0,
          null,
          null,
          null,
          0,
          null,
          0,
          null,
          null,
          null,
          null,
          null,
          null,
          null,
          null,
          1,
          0,
          null,
          0,
          null,
          null,
          null,
          null,
          null,
          null,
          null,
          1,
          0,
          null,
          0,
          0,
          0,
          0,
          null,
          null,
          null,
          null,
          null,
          null,
          null,
          null,
          null,
          null,
          null,
          null,
          null,
          null,
          1,
          null,
          1,
          95,
          null,
          80,
          0,
          null,
          null,
          null,
          1,
          95,
          null,
          85,
          null,
          6,
          0,
          null,
          null,
          0,
          0,
          null,
          null,
          null,
          null,
          1,
          80,
          0,
          null,
          null,
          null,
          1,
          80,
          null,
          null
        ]
      },
      "/Users/akingundogdu/Documents/my.code/cope-at/railsbackend/app/models/performance_review.rb": {
        "lines": [
          1,
          1,
          null,
          null,
          1,
          1,
          1,
          1,
          1,
          null,
          null,
          1,
          null,
          null,
          null,
          null,
          null,
          null,
          1,
          null,
          null,
          null,
          null,
          null,
          null,
          null,
          null,
          1,
          1,
          1,
          1,
          1,
          1,
          null,
          null,
          1,
          null,
          null,
          1,
          1,
          0,
          null,
          1,
          1,
          1,
          null,
          null,
          1,
          1,
          1,
          null,
          null,
          1,
          26,
          null,
          16,
          5,
          null,
          5,
          5,
          null,
          null,
          1,
          30,
          3,
          3,
          null,
          null,
          1,
          null,
          9,
          null,
          null,
          null,
          null,
          null,
          1,
          23,
          null,
          null,
          1,
          23,
          null,
          null,
          1,
          9,
          null,
          null,
          1,
          1,
          null,
          1,
          1,
          null,
          null,
          null,
          1,
          null,
          null,
          1,
          1,
          null,
          1,
          1,
          null,
          null,
          null,
          null,
          null,
          null,
          null,
          1,
          null,
          null,
          null,
          1,
          0,
          null,
          0,
          null,
          null,
          null,
          null,
          null,
          null,
          1,
          0,
          null,
          null,
          1,
          0,
          null,
          null,
          1,
          0,
          null,
          null,
          1,
          null,
          1,
          66,
          null,
          60,
          1,
          null,
          null,
          null,
          1,
          66,
          7,
          null,
          null,
          null,
          1,
          66,
          null,
          null,
          60,
          1,
          null,
          null,
          null,
          1,
          14,
          1,
          13,
          0,
          null,
          null,
          null,
          1,
          94,
          null,
          null
        ]
      },
      "/Users/akingundogdu/Documents/my.code/cope-at/railsbackend/app/models/rating.rb": {
        "lines": [
          1,
          1,
          null,
          null,
          1,
          null,
          null,
          1,
          1,
          1,
          1,
          null,
          null,
          1,
          null,
          null,
          1,
          1,
          1,
          1,
          1,
          1,
          null,
          null,
          1,
          1,
          1,
          null,
          null,
          1,
          0,
          null,
          null,
          1,
          0,
          null,
          0,
          null,
          0,
          null,
          0,
          null,
          0,
          null,
          0,
          null,
          null,
          null,
          1,
          0,
          null,
          0,
          null,
          0,
          null,
          0,
          null,
          null,
          null,
          1,
          0,
          null,
          null,
          1,
          0,
          null,
          null,
          1,
          0,
          0,
          null,
          null,
          null,
          1,
          0,
          null,
          null,
          0,
          null,
          null,
          1,
          0,
          0,
          null,
          0,
          0,
          null,
          0,
          0,
          null,
          null,
          1,
          0,
          null,
          null,
          0,
          0,
          null,
          null,
          null,
          0,
          null,
          null,
          null,
          null,
          null,
          null,
          null,
          1,
          0,
          null,
          0,
          null,
          null,
          null,
          null,
          0,
          0,
          null,
          null,
          1,
          0,
          null,
          0,
          null,
          null,
          0,
          0,
          null,
          null,
          0,
          null,
          null,
          null,
          null,
          null,
          0,
          0,
          0,
          0,
          null,
          null,
          null,
          null,
          null,
          null,
          0,
          0,
          0,
          0,
          0,
          null,
          0,
          0,
          0,
          0,
          null,
          0,
          null,
          null,
          0,
          null,
          null,
          null,
          0,
          null,
          null,
          null,
          null,
          null,
          null,
          1,
          0,
          null,
          null,
          null,
          0,
          null,
          null,
          null,
          null,
          0,
          0,
          0,
          null,
          null,
          0,
          null,
          null,
          null,
          null,
          null,
          null,
          null,
          1,
          0,
          0,
          0,
          null,
          null,
          null,
          null,
          null,
          null,
          null,
          null,
          null,
          null,
          1,
          null,
          0,
          null,
          null,
          null,
          null,
          null,
          null,
          null,
          null,
          null,
          null,
          null,
          null,
          1,
          null,
          1,
          null,
          16,
          null,
          null,
          1,
          16,
          null,
          16,
          null,
          null
        ]
      },
      "/Users/akingundogdu/Documents/my.code/cope-at/railsbackend/app/policies/position_policy.rb": {
        "lines": [
          1,
          1,
          1,
          8,
          1,
          7,
          null,
          6,
          6,
          null,
          1,
          null,
          null,
          null,
          null,
          1,
          3,
          null,
          null,
          1,
          8,
          8,
          null,
          null,
          null,
          1,
          4,
          null,
          null,
          1,
          5,
          5,
          null,
          null,
          1,
          4,
          null,
          null,
          1,
          3,
          null,
          null,
          1,
          6,
          null,
          null,
          1,
          1,
          null,
          null,
          1,
          1,
          null,
          null,
          1,
          null,
          1,
          10,
          null,
          null
        ]
      },
      "/Users/akingundogdu/Documents/my.code/cope-at/railsbackend/app/policies/application_policy.rb": {
        "lines": [
          1,
          1,
          null,
          1,
          null,
          1,
          118,
          118,
          null,
          null,
          1,
          0,
          null,
          null,
          1,
          1,
          null,
          null,
          1,
          0,
          null,
          null,
          1,
          0,
          null,
          null,
          1,
          2,
          null,
          null,
          1,
          0,
          null,
          null,
          1,
          0,
          null,
          null,
          1,
          1,
          22,
          22,
          null,
          null,
          1,
          4,
          0,
          4,
          4,
          null,
          0,
          null,
          null,
          null,
          null,
          null,
          1,
          null,
          1,
          null,
          null,
          1,
          null,
          1,
          61,
          null,
          null,
          1,
          39,
          null,
          null,
          1,
          0,
          null,
          null,
          1,
          0,
          0,
          null,
          null
        ]
      },
      "/Users/akingundogdu/Documents/my.code/cope-at/railsbackend/app/policies/concerns/permission_concern.rb": {
        "lines": [
          1,
          1,
          null,
          1,
          3,
          3,
          null,
          0,
          0,
          null,
          null,
          1,
          0,
          null,
          null,
          1,
          1,
          null,
          null,
          1,
          2,
          null,
          null,
          1,
          0,
          null,
          null,
          1,
          0,
          null,
          null
        ]
      },
      "/Users/akingundogdu/Documents/my.code/cope-at/railsbackend/app/policies/user_policy.rb": {
        "lines": [
          1,
          1,
          1,
          0,
          0,
          null,
          0,
          null,
          null,
          null,
          null,
          1,
          3,
          null,
          null,
          1,
          4,
          null,
          null,
          1,
          1,
          null,
          null,
          1,
          1,
          null,
          null,
          1,
          2,
          null,
          null,
          1,
          3,
          null,
          null,
          1,
          21,
          null,
          null
        ]
      },
      "/Users/akingundogdu/Documents/my.code/cope-at/railsbackend/app/models/permission.rb": {
        "lines": [
          1,
          1,
          null,
          null,
          null,
          1,
          null,
          null,
          null,
          null,
          null,
          null,
          null,
          1,
          null,
          null,
          null,
          null,
          null,
          null,
          1,
          1,
          1,
          null,
          1,
          1,
          1,
          null,
          1,
          null,
          1,
          1394,
          null,
          null
        ]
      },
      "/Users/akingundogdu/Documents/my.code/cope-at/railsbackend/app/services/bulk_department_service.rb": {
        "lines": [
          1,
          1,
          1,
          null,
          1,
          1,
          8,
          7,
          6,
          13,
          11,
          null,
          null,
          3,
          3,
          3,
          6,
          6,
          null,
          null,
          3,
          null,
          null,
          1,
          6,
          5,
          10,
          8,
          null,
          null,
          2,
          2,
          2,
          4,
          4,
          4,
          4,
          4,
          null,
          null,
          2,
          null,
          null,
          1,
          7,
          6,
          null,
          5,
          5,
          1,
          null,
          null,
          4,
          4,
          6,
          2,
          null,
          null,
          null,
          null,
          4,
          null,
          2,
          null,
          null,
          null,
          1,
          null,
          1,
          4,
          4,
          null,
          null,
          0,
          null,
          null,
          null
        ]
      },
      "/Users/akingundogdu/Documents/my.code/cope-at/railsbackend/app/services/bulk_operation_service.rb": {
        "lines": [
          1,
          1,
          1,
          null,
          1,
          59,
          59,
          null,
          null,
          null,
          1,
          null,
          1,
          40,
          40,
          40,
          40,
          null,
          null,
          1,
          1,
          18,
          null,
          null,
          1,
          14,
          null,
          null,
          1,
          8,
          null,
          null,
          null,
          1,
          47,
          null,
          null,
          1,
          14,
          22,
          44,
          44,
          null,
          22,
          null,
          null,
          14,
          null,
          null,
          1,
          32,
          32,
          12,
          null,
          null,
          1,
          28,
          null,
          71,
          null,
          null,
          0,
          0,
          null,
          null,
          28,
          null,
          null,
          null,
          28,
          28,
          null,
          0,
          null,
          null,
          28,
          28,
          null,
          null,
          null,
          1,
          18,
          17,
          10,
          null,
          10,
          10,
          null,
          10,
          26,
          26,
          24,
          null,
          2,
          2,
          null,
          null,
          null,
          10,
          null,
          null,
          null,
          1,
          14,
          39,
          14,
          null,
          13,
          13,
          null,
          13,
          24,
          null,
          24,
          24,
          24,
          21,
          null,
          3,
          3,
          null,
          null,
          0,
          0,
          null,
          null,
          null,
          13,
          null,
          null,
          null,
          1,
          8,
          8,
          null,
          6,
          6,
          null,
          6,
          null,
          18,
          14,
          14,
          null,
          0,
          0,
          null,
          null,
          4,
          4,
          null,
          null,
          null,
          6,
          null,
          null,
          null,
          1,
          null,
          1,
          40,
          null,
          null,
          1,
          15,
          91,
          32,
          null,
          null,
          15,
          null,
          null,
          1,
          7,
          27,
          27,
          7,
          null,
          7,
          7,
          null,
          null,
          null,
          1,
          null,
          14,
          14,
          14,
          null,
          null,
          1,
          29,
          29,
          29,
          29,
          null,
          0,
          0,
          null,
          null,
          29,
          null,
          null,
          1,
          15,
          null,
          null,
          67,
          null,
          null,
          null,
          null,
          15,
          15,
          30,
          8,
          8,
          null,
          null,
          null,
          15,
          0,
          null,
          0,
          null,
          null,
          null,
          1,
          15,
          null,
          null,
          63,
          null,
          null,
          0,
          null,
          0,
          null,
          null,
          null
        ]
      },
      "/Users/akingundogdu/Documents/my.code/cope-at/railsbackend/app/services/bulk_employee_service.rb": {
        "lines": [
          1,
          1,
          1,
          null,
          1,
          1,
          6,
          5,
          4,
          null,
          null,
          2,
          2,
          2,
          4,
          4,
          null,
          null,
          2,
          null,
          null,
          1,
          8,
          null,
          2,
          null,
          null,
          1,
          3,
          2,
          null,
          1,
          null,
          null,
          1,
          4,
          3,
          null,
          6,
          2,
          null,
          null,
          1,
          5,
          4,
          3,
          null,
          6,
          2,
          null,
          null,
          1,
          null,
          1,
          8,
          null,
          null,
          1,
          7,
          10,
          38,
          38,
          null,
          10,
          null,
          null,
          7,
          null,
          null,
          1,
          16,
          16,
          6,
          null,
          4,
          4,
          null,
          null,
          1,
          24,
          24,
          24,
          null,
          null,
          1,
          4,
          4,
          null,
          null,
          1,
          5,
          null,
          null,
          null
        ]
      },
      "/Users/akingundogdu/Documents/my.code/cope-at/railsbackend/app/services/bulk_position_service.rb": {
        "lines": [
          1,
          1,
          1,
          null,
          1,
          1,
          8,
          7,
          6,
          5,
          11,
          null,
          null,
          3,
          3,
          3,
          6,
          6,
          null,
          null,
          3,
          null,
          null,
          1,
          5,
          4,
          8,
          6,
          null,
          null,
          2,
          2,
          2,
          4,
          4,
          4,
          4,
          4,
          null,
          null,
          2,
          null,
          null,
          1,
          7,
          6,
          null,
          5,
          5,
          1,
          null,
          null,
          4,
          4,
          6,
          2,
          null,
          null,
          null,
          null,
          4,
          null,
          2,
          null,
          null,
          null,
          1,
          6,
          5,
          null,
          5,
          5,
          1,
          null,
          null,
          4,
          4,
          1,
          null,
          null,
          3,
          3,
          5,
          null,
          2,
          null,
          null,
          null,
          1,
          null,
          1,
          7,
          7,
          null,
          null,
          1,
          null,
          null,
          null
        ]
      },
      "/Users/akingundogdu/Documents/my.code/cope-at/railsbackend/app/services/cache_service.rb": {
        "lines": [
          1,
          1,
          1,
          9,
          9,
          9,
          null,
          null,
          1,
          2,
          1,
          null,
          1,
          null,
          null,
          null,
          1,
          1,
          1,
          null,
          null,
          null,
          1,
          1,
          null,
          1,
          null,
          null,
          null,
          null,
          null,
          null,
          1,
          1,
          1,
          null,
          null,
          null,
          1,
          1,
          1,
          null,
          null,
          null,
          1,
          817,
          null,
          null,
          1,
          658,
          658,
          null,
          null,
          1,
          593,
          593,
          593,
          null,
          null,
          null,
          1,
          0,
          0,
          null,
          0,
          null,
          null,
          null,
          null,
          null,
          null,
          null,
          null,
          null,
          1,
          0,
          0,
          null,
          null,
          0,
          null,
          null,
          null,
          null,
          null,
          null,
          null,
          null,
          1,
          0,
          0,
          null,
          null,
          0,
          null,
          null,
          null,
          null,
          null,
          null,
          null,
          null,
          null,
          null,
          1,
          0,
          0,
          0,
          null,
          null,
          0,
          null,
          null,
          null,
          null,
          null,
          null,
          null,
          null,
          1,
          110,
          110,
          110,
          110,
          null,
          null,
          110,
          110,
          110,
          null,
          null,
          null,
          1,
          46,
          46,
          null,
          null,
          1,
          80,
          80,
          null,
          80,
          0,
          null,
          null,
          null,
          1,
          85,
          85,
          null,
          85,
          85,
          null,
          null,
          null,
          1,
          0,
          0,
          null,
          0,
          0,
          null,
          null,
          1,
          1,
          null,
          null,
          1,
          9,
          null,
          8,
          null,
          1,
          1,
          null,
          null,
          1,
          819,
          null,
          1,
          1,
          null,
          null,
          1,
          2,
          null,
          1,
          1,
          null,
          null,
          1,
          1639,
          null,
          1,
          1,
          null,
          null,
          1,
          818,
          null,
          1,
          1,
          null,
          null,
          1,
          2,
          null,
          1,
          1,
          null,
          null,
          1,
          2,
          null,
          1,
          1,
          null,
          null,
          1,
          null,
          1,
          3293,
          null,
          1651,
          null,
          1641,
          null,
          1,
          null,
          null,
          null,
          null
        ]
      },
      "/Users/akingundogdu/Documents/my.code/cope-at/railsbackend/app/services/permission_service.rb": {
        "lines": [
          1,
          1,
          483,
          null,
          null,
          459,
          457,
          null,
          null,
          null,
          459,
          457,
          null,
          null,
          null,
          459,
          458,
          null,
          null,
          null,
          459,
          1,
          1,
          null,
          null,
          1,
          1,
          null,
          null,
          null,
          1,
          null,
          null,
          1,
          null,
          null,
          null,
          null,
          null,
          1,
          578,
          null,
          4,
          2,
          2,
          null,
          null,
          4,
          2,
          2,
          null,
          null,
          null,
          1,
          579,
          null,
          5,
          5,
          null,
          5,
          null,
          3,
          null,
          null,
          3,
          2,
          null,
          null,
          null,
          3,
          2,
          null,
          null,
          null
        ]
      },
      "/Users/akingundogdu/Documents/my.code/cope-at/railsbackend/app/lib/json_web_token.rb": {
        "lines": [
          1,
          1,
          null,
          1,
          41,
          41,
          null,
          null,
          1,
          37,
          36,
          null,
          1,
          null,
          null
        ]
      },
      "/Users/akingundogdu/Documents/my.code/cope-at/railsbackend/app/models/department.rb": {
        "lines": [
          1,
          1,
          1,
          null,
          null,
          1,
          1,
          1,
          1,
          1,
          null,
          null,
          1,
          1,
          1,
          null,
          null,
          1,
          1,
          1,
          null,
          null,
          1,
          null,
          null,
          1,
          1,
          null,
          null,
          1,
          821,
          5,
          null,
          null,
          1,
          0,
          null,
          null,
          1,
          0,
          null,
          null,
          null,
          1,
          null,
          0,
          null,
          null,
          null,
          null,
          null,
          1,
          2,
          2,
          null,
          2,
          null,
          null,
          null,
          1,
          0,
          0,
          0,
          null,
          null,
          null,
          1,
          null,
          4,
          null,
          null,
          null,
          null,
          null,
          null,
          null,
          1,
          null,
          0,
          null,
          null,
          null,
          0,
          null,
          null,
          null,
          null,
          1,
          null,
          1,
          807,
          null,
          5,
          5,
          null,
          5,
          5,
          0,
          0,
          null,
          null,
          5,
          5,
          null,
          null,
          null,
          1,
          807,
          0,
          null,
          null,
          null,
          1,
          816,
          null,
          null,
          1,
          816,
          821,
          null,
          null,
          1,
          816,
          null,
          null
        ]
      },
      "/Users/akingundogdu/Documents/my.code/cope-at/railsbackend/app/models/employee.rb": {
        "lines": [
          1,
          1,
          null,
          1,
          1,
          1,
          1,
          1,
          1,
          1,
          null,
          null,
          1,
          1,
          1,
          1,
          1,
          1,
          null,
          null,
          1,
          1,
          null,
          1,
          1,
          null,
          null,
          1,
          null,
          null,
          1,
          1,
          1,
          null,
          null,
          1,
          1,
          null,
          null,
          1,
          151,
          null,
          null,
          1,
          0,
          0,
          null,
          null,
          1,
          23,
          null,
          null,
          1,
          0,
          null,
          null,
          null,
          null,
          1,
          0,
          null,
          null,
          1,
          0,
          null,
          null,
          1,
          0,
          null,
          null,
          1,
          0,
          null,
          null,
          1,
          0,
          null,
          null,
          1,
          0,
          null,
          null,
          1,
          0,
          null,
          null,
          null,
          null,
          null,
          1,
          0,
          0,
          null,
          0,
          0,
          null,
          null,
          1,
          0,
          null,
          null,
          1,
          0,
          null,
          0,
          null,
          null,
          1,
          null,
          2,
          2,
          null,
          null,
          2,
          null,
          2,
          null,
          null,
          1,
          null,
          1,
          596,
          77,
          3,
          null,
          null,
          null,
          1,
          596,
          null,
          75,
          75,
          null,
          75,
          75,
          0,
          0,
          null,
          null,
          75,
          75,
          null,
          null,
          null,
          1,
          591,
          503,
          null,
          null,
          1,
          477,
          null,
          null,
          1,
          573,
          573,
          null,
          null,
          1,
          592,
          null,
          null
        ]
      },
      "/Users/akingundogdu/Documents/my.code/cope-at/railsbackend/app/models/position.rb": {
        "lines": [
          1,
          1,
          null,
          1,
          1,
          1,
          1,
          null,
          null,
          1,
          1,
          1,
          1,
          null,
          null,
          1,
          null,
          null,
          2,
          null,
          null,
          1,
          1,
          null,
          null,
          1,
          0,
          0,
          null,
          null,
          1,
          0,
          null,
          null,
          1,
          0,
          null,
          null,
          null,
          1,
          0,
          null,
          null,
          1,
          null,
          3,
          null,
          null,
          null,
          null,
          null,
          null,
          null,
          null,
          null,
          1,
          1,
          null,
          null,
          1,
          null,
          1,
          654,
          null,
          8,
          8,
          null,
          8,
          8,
          0,
          0,
          null,
          null,
          8,
          8,
          null,
          null,
          null,
          1,
          654,
          8,
          0,
          null,
          null,
          null,
          1,
          657,
          null,
          null
        ]
      },
      "/Users/akingundogdu/Documents/my.code/cope-at/railsbackend/app/policies/department_policy.rb": {
        "lines": [
          1,
          1,
          1,
          4,
          4,
          null,
          0,
          null,
          null,
          null,
          null,
          1,
          0,
          null,
          null,
          1,
          4,
          null,
          null,
          1,
          5,
          null,
          null,
          1,
          4,
          null,
          null,
          1,
          3,
          null,
          null,
          1,
          2,
          null,
          null,
          1,
          0,
          null,
          null,
          1,
          8,
          null,
          null,
          1,
          4,
          null,
          null,
          1,
          3,
          null,
          null,
          1,
          1,
          null,
          null,
          1,
          1,
          null,
          null
        ]
      },
      "/Users/akingundogdu/Documents/my.code/cope-at/railsbackend/app/policies/employee_policy.rb": {
        "lines": [
          1,
          1,
          1,
          6,
          6,
          null,
          0,
          null,
          null,
          null,
          null,
          1,
          0,
          null,
          null,
          1,
          3,
          null,
          null,
          1,
          2,
          null,
          null,
          1,
          2,
          null,
          null,
          1,
          1,
          null,
          null,
          1,
          1,
          null,
          null,
          1,
          3,
          null,
          null,
          1,
          1,
          null,
          null,
          1,
          1,
          null,
          null,
          1,
          null,
          1,
          0,
          null,
          null
        ]
      },
      "/Users/akingundogdu/Documents/my.code/cope-at/railsbackend/app/policies/permission_policy.rb": {
        "lines": [
          1,
          1,
          2,
          null,
          null,
          null
        ]
      },
      "/Users/akingundogdu/Documents/my.code/cope-at/railsbackend/app/channels/application_cable/channel.rb": {
        "lines": [
          0,
          0,
          0,
          0
        ],
        "branches": {}
      },
      "/Users/akingundogdu/Documents/my.code/cope-at/railsbackend/app/channels/application_cable/connection.rb": {
        "lines": [
          0,
          0,
          0,
          0
        ],
        "branches": {}
      },
      "/Users/akingundogdu/Documents/my.code/cope-at/railsbackend/app/jobs/application_job.rb": {
        "lines": [
          0,
          null,
          null,
          null,
          null,
          null,
          0
        ],
        "branches": {}
      },
      "/Users/akingundogdu/Documents/my.code/cope-at/railsbackend/app/mailers/application_mailer.rb": {
        "lines": [
          0,
          0,
          0,
          0
        ],
        "branches": {}
      }
    },
    "timestamp": 1750257545
  }
}
