SF:./app/channels/application_cable/channel.rb
DA:1,0
DA:2,0
DA:3,0
DA:4,0
end_of_record
SF:./app/channels/application_cable/connection.rb
DA:1,0
DA:2,0
DA:3,0
DA:4,0
end_of_record
SF:./app/controllers/api/v1/base_controller.rb
DA:1,1
DA:2,1
DA:3,1
DA:4,1
DA:5,1
DA:7,1
DA:8,1
DA:9,1
DA:11,1
DA:12,1
DA:13,1
DA:14,1
DA:15,1
DA:17,1
DA:19,1
DA:20,0
DA:23,1
DA:24,0
DA:27,1
DA:28,0
DA:31,1
DA:32,0
DA:35,1
DA:36,26
DA:39,1
DA:40,3
end_of_record
SF:./app/controllers/api/v1/departments_controller.rb
DA:1,1
DA:2,1
DA:3,1
DA:4,1
DA:7,1
DA:8,3
DA:9,3
DA:10,3
DA:14,1
DA:15,1
DA:16,1
DA:20,1
DA:21,2
DA:22,2
DA:24,2
DA:25,1
DA:27,1
DA:32,1
DA:33,2
DA:35,0
DA:36,0
DA:38,0
DA:43,1
DA:44,1
DA:45,0
DA:46,0
DA:50,1
DA:51,0
DA:52,0
DA:56,1
DA:57,1
DA:58,1
DA:61,1
DA:62,2
DA:63,2
DA:65,0
DA:66,0
DA:68,0
DA:72,1
DA:73,0
DA:74,0
DA:76,0
DA:77,0
DA:79,0
DA:83,1
DA:84,0
DA:85,0
DA:87,0
DA:88,0
DA:90,0
DA:94,1
DA:95,1
DA:96,1
DA:97,1
DA:100,1
DA:101,1
DA:102,1
DA:103,1
DA:106,1
DA:108,1
DA:109,7
DA:112,1
DA:113,2
DA:116,1
DA:117,2
DA:120,1
DA:122,2
end_of_record
SF:./app/controllers/api/v1/employees_controller.rb
DA:1,1
DA:2,1
DA:3,1
DA:4,1
DA:7,1
DA:8,3
DA:9,3
DA:10,3
DA:11,3
DA:15,1
DA:16,1
DA:17,1
DA:21,1
DA:22,2
DA:23,2
DA:25,2
DA:26,0
DA:28,2
DA:33,1
DA:34,2
DA:36,0
DA:37,0
DA:39,0
DA:44,1
DA:45,1
DA:46,0
DA:47,0
DA:51,1
DA:52,1
DA:53,1
DA:54,1
DA:58,1
DA:59,1
DA:60,1
DA:61,1
DA:65,1
DA:66,0
DA:67,0
DA:68,0
DA:69,0
DA:73,1
DA:74,0
DA:75,0
DA:76,0
DA:77,0
DA:80,1
DA:81,1
DA:82,1
DA:83,1
DA:86,1
DA:87,2
DA:88,2
DA:89,0
DA:90,0
DA:92,0
DA:96,1
DA:97,0
DA:98,0
DA:100,0
DA:101,0
DA:103,0
DA:107,1
DA:108,0
DA:109,0
DA:111,0
DA:112,0
DA:114,0
DA:118,1
DA:120,1
DA:121,7
DA:124,1
DA:125,2
DA:131,1
DA:132,2
DA:133,3
DA:137,1
DA:138,0
DA:141,1
DA:143,0
end_of_record
SF:./app/controllers/api/v1/permissions_controller.rb
DA:1,1
DA:2,1
DA:3,1
DA:4,1
DA:5,1
DA:7,1
DA:8,1
DA:9,1
DA:10,1
DA:11,1
DA:14,1
DA:15,0
DA:18,1
DA:19,4
DA:20,4
DA:22,4
DA:23,1
DA:25,3
DA:29,1
DA:30,0
DA:31,0
DA:33,0
DA:37,1
DA:38,1
DA:39,1
DA:40,1
DA:43,1
DA:44,2
DA:45,2
DA:46,0
DA:47,0
DA:49,0
DA:53,1
DA:55,1
DA:56,9
DA:59,1
DA:60,2
DA:63,1
DA:64,4
DA:67,1
DA:68,2
DA:69,3
end_of_record
SF:./app/controllers/api/v1/positions_controller.rb
DA:1,1
DA:2,1
DA:3,1
DA:4,1
DA:7,1
DA:8,3
DA:9,3
DA:10,3
DA:11,3
DA:15,1
DA:16,1
DA:17,1
DA:21,1
DA:22,2
DA:23,2
DA:25,2
DA:26,1
DA:28,1
DA:33,1
DA:34,2
DA:36,0
DA:37,0
DA:39,0
DA:44,1
DA:45,1
DA:46,0
DA:47,0
DA:51,1
DA:52,0
DA:53,0
DA:57,1
DA:58,0
DA:59,0
DA:60,0
DA:61,0
DA:64,1
DA:65,1
DA:66,1
DA:67,1
DA:70,1
DA:71,1
DA:72,1
DA:73,1
DA:76,1
DA:77,2
DA:78,2
DA:79,0
DA:80,0
DA:82,0
DA:86,1
DA:87,0
DA:88,0
DA:90,0
DA:91,0
DA:93,0
DA:97,1
DA:98,0
DA:99,0
DA:101,0
DA:102,0
DA:104,0
DA:108,1
DA:110,1
DA:111,6
DA:114,1
DA:115,2
DA:118,1
DA:119,2
DA:120,3
DA:124,1
DA:125,0
DA:128,1
DA:130,0
end_of_record
SF:./app/controllers/api/v1/users_controller.rb
DA:1,1
DA:2,1
DA:3,1
DA:4,1
DA:5,1
DA:6,1
DA:8,1
DA:9,0
DA:10,0
DA:11,0
DA:13,0
DA:17,1
DA:18,0
DA:19,0
DA:20,0
DA:23,1
DA:24,0
DA:25,0
DA:26,0
DA:27,0
DA:29,0
DA:33,1
DA:34,4
DA:35,4
DA:36,2
DA:37,2
DA:39,2
DA:43,1
DA:44,4
DA:45,4
DA:46,0
DA:47,0
DA:49,4
DA:53,1
DA:54,1
DA:55,1
DA:56,1
DA:59,1
DA:60,2
DA:61,2
DA:64,1
DA:65,2
DA:66,2
DA:67,1
DA:69,1
DA:73,1
DA:74,3
DA:75,3
DA:76,2
DA:77,1
DA:79,1
DA:82,1
DA:86,1
DA:88,1
DA:89,0
DA:92,1
DA:93,4
DA:96,1
DA:97,2
DA:100,1
DA:101,2
end_of_record
SF:./app/controllers/application_controller.rb
DA:1,1
DA:2,1
DA:3,1
DA:5,1
DA:7,1
DA:8,1
DA:9,1
DA:11,1
DA:13,1
DA:14,68
DA:15,2
DA:19,1
DA:20,356
DA:23,1
DA:24,0
DA:27,1
DA:28,0
DA:31,1
DA:32,0
DA:35,1
DA:36,78
end_of_record
SF:./app/controllers/concerns/user_activity.rb
DA:1,1
DA:2,1
DA:4,1
DA:5,1
DA:8,1
DA:10,1
DA:11,76
DA:13,65
DA:16,67
DA:19,1
DA:20,67
end_of_record
SF:./app/controllers/home_controller.rb
DA:1,1
DA:2,1
DA:4,1
DA:5,2
end_of_record
SF:./app/helpers/application_helper.rb
DA:1,1
end_of_record
SF:./app/helpers/home_helper.rb
DA:1,1
end_of_record
SF:./app/jobs/application_job.rb
DA:1,0
DA:7,0
end_of_record
SF:./app/lib/json_web_token.rb
DA:1,1
DA:2,1
DA:4,1
DA:5,2
DA:6,2
DA:9,1
DA:10,0
DA:11,0
DA:13,0
end_of_record
SF:./app/mailers/application_mailer.rb
DA:1,0
DA:2,0
DA:3,0
DA:4,0
end_of_record
SF:./app/models/application_record.rb
DA:1,1
DA:2,1
end_of_record
SF:./app/models/concerns/cacheable.rb
DA:1,1
DA:2,1
DA:4,1
DA:5,1
DA:6,118
DA:9,1
DA:10,20
DA:11,20
DA:15,1
DA:16,0
DA:18,0
DA:19,0
DA:23,1
DA:24,0
DA:25,0
DA:30,1
DA:31,118
DA:34,1
DA:35,59
DA:38,1
DA:39,59
DA:42,1
DA:44,1
DA:45,59
DA:46,59
end_of_record
SF:./app/models/department.rb
DA:1,1
DA:2,1
DA:3,1
DA:6,1
DA:7,1
DA:8,1
DA:9,1
DA:10,1
DA:13,1
DA:14,1
DA:15,1
DA:18,1
DA:19,1
DA:20,1
DA:23,1
DA:26,1
DA:27,1
DA:30,1
DA:31,60
DA:32,1
DA:35,1
DA:36,0
DA:39,1
DA:40,0
DA:44,1
DA:46,0
DA:52,1
DA:53,1
DA:54,1
DA:56,1
DA:60,1
DA:61,0
DA:62,0
DA:63,0
DA:67,1
DA:69,2
DA:77,1
DA:79,0
DA:83,0
DA:88,1
DA:90,1
DA:91,60
DA:93,1
DA:94,1
DA:96,1
DA:97,1
DA:98,0
DA:99,0
DA:102,1
DA:103,1
DA:107,1
DA:108,60
DA:109,0
DA:113,1
DA:114,59
DA:117,1
DA:118,59
DA:119,60
DA:122,1
DA:123,59
end_of_record
SF:./app/models/employee.rb
DA:1,1
DA:2,1
DA:4,1
DA:5,1
DA:6,1
DA:7,1
DA:8,1
DA:9,1
DA:10,1
DA:13,1
DA:14,1
DA:16,1
DA:17,1
DA:20,1
DA:23,1
DA:24,1
DA:25,1
DA:28,1
DA:29,1
DA:32,1
DA:33,0
DA:36,1
DA:37,0
DA:38,0
DA:41,1
DA:42,0
DA:45,1
DA:46,0
DA:50,1
DA:52,1
DA:53,26
DA:54,0
DA:55,0
DA:59,1
DA:60,26
DA:62,0
DA:63,0
DA:65,0
DA:66,0
DA:67,0
DA:68,0
DA:71,0
DA:72,0
DA:76,1
DA:77,24
DA:78,24
DA:81,1
DA:82,24
DA:85,1
DA:86,24
DA:87,24
DA:90,1
DA:91,24
end_of_record
SF:./app/models/jwt_denylist.rb
DA:1,1
DA:2,1
DA:4,1
end_of_record
SF:./app/models/permission.rb
DA:1,1
DA:2,1
DA:6,1
DA:14,1
DA:21,1
DA:22,1
DA:23,1
DA:25,1
DA:26,1
DA:27,1
DA:29,1
DA:31,1
DA:32,87
end_of_record
SF:./app/models/position.rb
DA:1,1
DA:2,1
DA:4,1
DA:5,1
DA:6,1
DA:7,1
DA:10,1
DA:11,1
DA:12,1
DA:13,1
DA:16,1
DA:19,2
DA:22,1
DA:23,1
DA:26,1
DA:27,0
DA:28,0
DA:31,1
DA:32,0
DA:35,1
DA:36,0
DA:40,1
DA:41,0
DA:44,1
DA:46,0
DA:56,1
DA:57,1
DA:60,1
DA:62,1
DA:63,39
DA:65,3
DA:66,3
DA:68,3
DA:69,3
DA:70,0
DA:71,0
DA:74,3
DA:75,3
DA:79,1
DA:80,39
DA:81,3
DA:82,0
DA:86,1
DA:87,38
end_of_record
SF:./app/models/user.rb
DA:1,1
DA:4,1
DA:9,1
DA:15,1
DA:16,1
DA:17,1
DA:20,1
DA:21,1
DA:22,1
DA:25,1
DA:32,1
DA:34,1
DA:36,0
DA:44,1
DA:45,0
DA:46,0
DA:48,0
DA:55,1
DA:56,72
DA:63,1
DA:64,0
DA:71,1
DA:72,0
DA:75,1
DA:76,0
DA:79,1
DA:80,5
DA:81,0
DA:84,1
DA:86,1
DA:87,118
DA:88,114
DA:89,1
DA:93,1
DA:94,5
DA:95,0
end_of_record
SF:./app/policies/application_policy.rb
DA:1,1
DA:2,1
DA:4,1
DA:6,1
DA:7,48
DA:8,48
DA:11,1
DA:12,0
DA:15,1
DA:16,0
DA:19,1
DA:20,0
DA:23,1
DA:24,0
DA:27,1
DA:28,0
DA:31,1
DA:32,0
DA:35,1
DA:36,0
DA:39,1
DA:40,1
DA:41,14
DA:42,14
DA:45,1
DA:46,0
DA:47,0
DA:48,0
DA:49,0
DA:51,0
DA:57,1
DA:59,1
DA:62,1
DA:64,1
DA:65,26
DA:68,1
DA:69,9
DA:72,1
DA:73,0
DA:76,1
DA:77,2
DA:78,0
end_of_record
SF:./app/policies/concerns/permission_concern.rb
DA:1,1
DA:2,1
DA:4,1
DA:5,0
DA:6,0
DA:8,0
DA:9,0
DA:12,1
DA:13,0
DA:16,1
DA:17,0
DA:20,1
DA:21,0
DA:24,1
DA:25,0
DA:28,1
DA:29,0
end_of_record
SF:./app/policies/department_policy.rb
DA:1,1
DA:2,1
DA:3,1
DA:4,3
DA:5,0
DA:6,3
DA:7,3
DA:9,0
DA:14,1
DA:15,0
DA:18,1
DA:19,3
DA:22,1
DA:23,2
DA:26,1
DA:27,2
DA:30,1
DA:31,1
DA:34,1
DA:35,1
DA:38,1
DA:39,0
DA:42,1
DA:43,2
DA:46,1
DA:47,1
DA:50,1
DA:51,1
end_of_record
SF:./app/policies/employee_policy.rb
DA:1,1
DA:2,1
DA:3,1
DA:4,6
DA:5,0
DA:6,6
DA:7,6
DA:9,0
DA:14,1
DA:15,0
DA:18,1
DA:19,3
DA:22,1
DA:23,2
DA:26,1
DA:27,2
DA:30,1
DA:31,1
DA:34,1
DA:35,1
DA:38,1
DA:39,2
DA:42,1
DA:43,1
DA:46,1
DA:47,1
DA:50,1
DA:52,1
DA:53,2
end_of_record
SF:./app/policies/permission_policy.rb
DA:1,1
DA:2,1
DA:3,2
end_of_record
SF:./app/policies/position_policy.rb
DA:1,1
DA:2,1
DA:3,1
DA:4,5
DA:5,0
DA:6,5
DA:7,5
DA:9,0
DA:14,1
DA:15,0
DA:18,1
DA:19,2
DA:22,1
DA:23,2
DA:26,1
DA:27,2
DA:30,1
DA:31,1
DA:34,1
DA:35,0
DA:38,1
DA:39,2
DA:42,1
DA:43,1
DA:46,1
DA:47,1
DA:50,1
DA:52,1
DA:53,2
end_of_record
SF:./app/policies/user_policy.rb
DA:1,1
DA:2,1
DA:3,1
DA:4,0
DA:5,0
DA:7,0
DA:12,1
DA:13,0
DA:16,1
DA:17,0
DA:20,1
DA:21,1
DA:24,1
DA:25,2
DA:28,1
DA:29,2
DA:32,1
DA:33,3
DA:36,1
DA:37,6
end_of_record
SF:./app/services/bulk_department_service.rb
DA:1,0
DA:2,0
DA:3,0
DA:5,0
DA:6,0
DA:7,0
DA:8,0
DA:9,0
DA:10,0
DA:11,0
DA:13,0
DA:14,0
DA:16,0
DA:17,0
DA:18,0
DA:19,0
DA:20,0
DA:22,0
DA:23,0
DA:25,0
DA:26,0
DA:27,0
DA:29,0
DA:30,0
DA:31,0
DA:32,0
DA:34,0
DA:35,0
DA:36,0
DA:37,0
DA:38,0
DA:39,0
DA:40,0
DA:41,0
DA:42,0
DA:43,0
DA:44,0
DA:45,0
DA:47,0
DA:49,0
DA:50,0
DA:51,0
DA:52,0
DA:53,0
DA:54,0
DA:55,0
DA:56,0
DA:57,0
end_of_record
SF:./app/services/bulk_employee_service.rb
DA:1,0
DA:2,0
DA:3,0
DA:5,0
DA:6,0
DA:7,0
DA:8,0
DA:9,0
DA:11,0
DA:12,0
DA:14,0
DA:15,0
DA:17,0
DA:18,0
DA:20,0
DA:21,0
DA:22,0
DA:24,0
DA:25,0
DA:27,0
DA:28,0
DA:29,0
DA:31,0
DA:32,0
DA:33,0
DA:35,0
DA:36,0
DA:37,0
DA:38,0
DA:40,0
DA:41,0
DA:42,0
DA:44,0
DA:46,0
DA:47,0
DA:48,0
DA:50,0
DA:51,0
DA:52,0
DA:53,0
DA:54,0
DA:56,0
DA:57,0
DA:59,0
DA:60,0
DA:61,0
DA:62,0
DA:64,0
DA:65,0
DA:66,0
DA:68,0
DA:69,0
DA:70,0
DA:71,0
DA:72,0
DA:74,0
DA:75,0
DA:76,0
DA:77,0
DA:79,0
DA:80,0
DA:81,0
DA:82,0
DA:83,0
end_of_record
SF:./app/services/bulk_operation_service.rb
DA:1,1
DA:2,1
DA:3,1
DA:5,1
DA:6,7
DA:7,7
DA:11,1
DA:13,1
DA:14,8
DA:15,8
DA:16,8
DA:17,8
DA:20,1
DA:21,1
DA:22,8
DA:25,1
DA:26,0
DA:29,1
DA:30,0
DA:34,1
DA:35,8
DA:36,8
DA:37,1
DA:39,1
DA:40,1
DA:42,1
DA:43,1
DA:44,0
DA:45,0
DA:47,0
DA:48,0
DA:52,0
DA:56,1
DA:57,0
DA:59,0
DA:60,0
DA:62,0
DA:63,0
DA:64,0
DA:65,0
DA:67,0
DA:68,0
DA:72,0
DA:76,1
DA:77,0
DA:79,0
DA:80,0
DA:82,0
DA:83,0
DA:84,0
DA:85,0
DA:87,0
DA:88,0
DA:92,0
DA:96,1
DA:98,1
DA:99,8
DA:102,1
DA:103,8
DA:104,51
DA:105,12
DA:108,8
DA:111,1
DA:112,1
DA:113,3
DA:114,3
DA:115,1
DA:117,1
DA:118,1
DA:122,1
DA:123,0
DA:124,0
DA:125,0
DA:128,1
DA:129,1
DA:130,1
DA:131,1
DA:132,0
DA:134,0
DA:137,1
DA:138,46
DA:143,1
DA:144,6
end_of_record
SF:./app/services/bulk_position_service.rb
DA:1,0
DA:2,0
DA:3,0
DA:5,0
DA:6,0
DA:7,0
DA:8,0
DA:9,0
DA:10,0
DA:11,0
DA:13,0
DA:14,0
DA:16,0
DA:17,0
DA:18,0
DA:19,0
DA:20,0
DA:22,0
DA:23,0
DA:25,0
DA:26,0
DA:27,0
DA:29,0
DA:30,0
DA:31,0
DA:32,0
DA:34,0
DA:35,0
DA:36,0
DA:37,0
DA:38,0
DA:39,0
DA:40,0
DA:41,0
DA:42,0
DA:43,0
DA:44,0
DA:45,0
DA:47,0
DA:48,0
DA:49,0
DA:51,0
DA:52,0
DA:53,0
DA:54,0
DA:56,0
DA:57,0
DA:58,0
DA:59,0
DA:61,0
DA:62,0
DA:63,0
DA:64,0
DA:65,0
DA:66,0
DA:68,0
DA:70,0
DA:71,0
DA:72,0
DA:73,0
DA:74,0
DA:75,0
DA:76,0
DA:77,0
DA:78,0
end_of_record
SF:./app/services/cache_service.rb
DA:1,1
DA:2,1
DA:3,1
DA:4,0
DA:5,0
DA:6,0
DA:9,1
DA:10,0
DA:11,0
DA:13,0
DA:17,1
DA:18,0
DA:19,0
DA:23,1
DA:24,0
DA:26,0
DA:33,1
DA:34,0
DA:35,0
DA:39,1
DA:40,0
DA:41,0
DA:45,1
DA:46,59
DA:49,1
DA:50,38
DA:51,38
DA:54,1
DA:55,24
DA:56,24
DA:57,24
DA:60,1
DA:61,0
DA:64,1
DA:65,1
DA:67,1
DA:69,0
DA:70,0
DA:73,1
DA:74,59
DA:76,0
DA:77,0
DA:80,1
DA:81,0
DA:83,0
DA:84,0
DA:87,1
DA:88,119
DA:90,0
DA:91,0
DA:94,1
DA:95,59
DA:97,0
DA:98,0
DA:101,1
DA:102,0
DA:104,0
DA:105,0
DA:108,1
DA:109,0
DA:111,0
DA:112,0
DA:115,1
DA:117,1
DA:118,238
DA:120,119
DA:122,119
DA:124,0
end_of_record
SF:./app/services/permission_service.rb
DA:1,1
DA:2,1
DA:3,24
DA:6,24
DA:7,24
DA:11,24
DA:12,24
DA:16,24
DA:17,24
DA:21,24
DA:22,0
DA:23,0
DA:26,0
DA:27,0
DA:31,0
DA:34,0
DA:40,1
DA:41,24
DA:43,0
DA:44,0
DA:45,0
DA:48,0
DA:49,0
DA:50,0
DA:54,1
DA:55,24
DA:57,0
DA:58,0
DA:60,0
DA:62,0
DA:65,0
DA:66,0
DA:70,0
DA:71,0
end_of_record
