SF:./app/channels/application_cable/channel.rb
DA:1,0
DA:2,0
DA:3,0
DA:4,0
end_of_record
SF:./app/channels/application_cable/connection.rb
DA:1,0
DA:2,0
DA:3,0
DA:4,0
end_of_record
SF:./app/controllers/api/v1/base_controller.rb
DA:1,1
DA:2,1
DA:3,1
DA:4,1
DA:5,1
DA:7,1
DA:8,1
DA:9,1
DA:11,1
DA:12,1
DA:13,1
DA:14,1
DA:15,1
DA:17,1
DA:19,1
DA:20,1
DA:23,1
DA:24,1
DA:27,1
DA:28,1
DA:31,1
DA:32,0
DA:35,1
DA:36,13
DA:39,1
DA:40,4
end_of_record
SF:./app/controllers/api/v1/departments_controller.rb
DA:1,1
DA:2,1
DA:3,1
DA:4,1
DA:7,1
DA:8,4
DA:9,4
DA:10,4
DA:14,1
DA:15,2
DA:16,2
DA:20,1
DA:21,5
DA:22,5
DA:24,4
DA:25,2
DA:27,2
DA:32,1
DA:33,4
DA:35,3
DA:36,2
DA:38,1
DA:43,1
DA:44,3
DA:45,1
DA:46,1
DA:50,1
DA:51,0
DA:52,0
DA:56,1
DA:57,2
DA:58,2
DA:61,1
DA:62,8
DA:64,7
DA:66,4
DA:67,3
DA:69,1
DA:72,3
DA:74,1
DA:77,1
DA:78,4
DA:81,4
DA:82,4
DA:84,8
DA:93,8
DA:97,4
DA:99,4
DA:100,1
DA:102,3
DA:106,1
DA:107,3
DA:109,3
DA:111,6
DA:115,3
DA:117,2
DA:118,1
DA:120,1
DA:123,1
DA:125,0
DA:128,1
DA:129,1
DA:130,1
DA:131,1
DA:134,1
DA:135,1
DA:136,1
DA:137,1
DA:140,1
DA:142,1
DA:143,13
DA:145,2
DA:148,1
DA:149,8
DA:152,1
DA:153,7
DA:154,21
DA:158,1
DA:159,7
DA:162,1
DA:164,14
end_of_record
SF:./app/controllers/api/v1/employees_controller.rb
DA:1,1
DA:2,1
DA:3,1
DA:4,1
DA:7,1
DA:8,3
DA:9,3
DA:10,3
DA:11,3
DA:15,1
DA:16,1
DA:17,1
DA:21,1
DA:22,2
DA:23,2
DA:25,2
DA:26,1
DA:28,1
DA:33,1
DA:34,2
DA:36,2
DA:37,1
DA:39,1
DA:44,1
DA:45,1
DA:46,1
DA:47,1
DA:51,1
DA:52,1
DA:53,1
DA:54,1
DA:58,1
DA:59,1
DA:60,1
DA:61,1
DA:65,1
DA:66,0
DA:67,0
DA:68,0
DA:69,0
DA:73,1
DA:74,0
DA:75,0
DA:76,0
DA:77,0
DA:80,1
DA:81,1
DA:82,1
DA:83,1
DA:86,1
DA:87,3
DA:88,2
DA:89,1
DA:90,1
DA:92,0
DA:95,1
DA:98,1
DA:99,0
DA:100,0
DA:102,0
DA:103,0
DA:105,0
DA:109,1
DA:110,0
DA:111,0
DA:113,0
DA:114,0
DA:116,0
DA:120,1
DA:122,1
DA:123,7
DA:125,1
DA:128,1
DA:129,4
DA:135,1
DA:136,2
DA:137,3
DA:141,1
DA:142,0
DA:143,0
DA:147,1
DA:149,0
end_of_record
SF:./app/controllers/api/v1/feedbacks_controller.rb
DA:1,1
DA:2,1
DA:3,1
DA:4,1
DA:7,1
DA:8,5
DA:11,5
DA:12,1
DA:14,4
DA:18,5
DA:21,5
DA:24,5
DA:27,5
DA:30,5
DA:31,5
DA:34,5
DA:37,5
DA:38,1
DA:40,1
DA:42,0
DA:44,0
DA:49,5
DA:50,5
DA:53,5
DA:56,5
DA:58,5
DA:65,1
DA:66,3
DA:72,1
DA:73,4
DA:74,4
DA:76,4
DA:77,3
DA:82,1
DA:89,1
DA:90,3
DA:91,1
DA:96,2
DA:97,2
DA:102,0
DA:109,1
DA:110,2
DA:111,1
DA:116,1
DA:117,1
DA:121,0
DA:128,1
DA:129,0
DA:130,0
DA:132,0
DA:133,0
DA:138,0
DA:145,1
DA:146,0
DA:147,0
DA:148,0
DA:150,0
DA:151,0
DA:157,0
DA:158,0
DA:166,0
DA:167,0
DA:174,1
DA:175,3
DA:176,3
DA:177,3
DA:179,3
DA:183,3
DA:196,3
DA:197,1
DA:198,1
DA:205,3
DA:216,1
DA:217,0
DA:218,0
DA:220,0
DA:221,0
DA:226,0
DA:228,0
DA:238,1
DA:239,2
DA:240,2
DA:243,2
DA:244,2
DA:245,6
DA:246,6
DA:247,34
DA:248,28
DA:249,28
DA:250,28
DA:254,2
DA:255,28
DA:260,1
DA:261,2
DA:262,2
DA:263,2
DA:265,2
DA:266,0
DA:272,2
DA:273,2
DA:274,6
DA:284,2
DA:291,0
DA:292,0
DA:299,1
DA:300,2
DA:303,2
DA:313,1
DA:314,2
DA:315,2
DA:317,2
DA:318,2
DA:321,2
DA:330,2
DA:335,1
DA:337,1
DA:338,9
DA:340,0
DA:343,1
DA:344,9
DA:348,9
DA:352,1
DA:356,1
DA:357,6
DA:363,1
DA:364,5
DA:366,8
DA:390,1
DA:392,8
DA:394,8
DA:396,8
DA:397,8
DA:406,8
DA:427,1
DA:428,0
DA:431,1
DA:433,5
end_of_record
SF:./app/controllers/api/v1/goals_controller.rb
DA:1,1
DA:2,1
DA:3,1
DA:4,1
DA:7,1
DA:8,4
DA:11,4
DA:12,4
DA:15,4
DA:18,4
DA:21,4
DA:24,4
DA:27,4
DA:30,4
DA:33,4
DA:35,4
DA:42,1
DA:43,2
DA:49,1
DA:50,2
DA:51,2
DA:53,2
DA:54,1
DA:59,1
DA:67,1
DA:68,2
DA:69,2
DA:74,0
DA:81,1
DA:82,0
DA:83,0
DA:87,0
DA:94,1
DA:95,0
DA:96,0
DA:98,0
DA:99,0
DA:104,0
DA:111,1
DA:112,0
DA:114,0
DA:115,0
DA:120,0
DA:127,1
DA:128,0
DA:130,0
DA:131,0
DA:136,0
DA:143,1
DA:144,0
DA:146,0
DA:147,0
DA:152,0
DA:159,1
DA:160,0
DA:162,0
DA:163,0
DA:168,0
DA:175,1
DA:176,1
DA:179,1
DA:180,1
DA:181,3
DA:184,3
DA:185,3
DA:189,0
DA:192,3
DA:196,1
DA:199,0
DA:200,0
DA:207,1
DA:208,1
DA:211,1
DA:212,1
DA:214,1
DA:224,1
DA:225,0
DA:226,0
DA:229,0
DA:230,0
DA:232,0
DA:243,1
DA:244,1
DA:245,1
DA:247,1
DA:253,1
DA:261,1
DA:263,1
DA:264,4
DA:266,0
DA:269,1
DA:270,4
DA:273,4
DA:277,0
DA:281,1
DA:282,4
DA:288,1
DA:289,5
DA:291,7
DA:317,1
DA:319,5
DA:329,5
DA:354,1
DA:355,0
DA:358,1
DA:359,6
DA:360,6
DA:363,6
DA:366,1
DA:368,4
end_of_record
SF:./app/controllers/api/v1/kpis_controller.rb
DA:1,1
DA:2,1
DA:3,1
DA:4,1
DA:7,1
DA:8,4
DA:11,4
DA:12,4
DA:15,4
DA:18,4
DA:21,4
DA:24,4
DA:27,4
DA:30,4
DA:31,0
DA:35,4
DA:38,4
DA:39,4
DA:42,4
DA:45,4
DA:47,4
DA:54,1
DA:55,2
DA:61,1
DA:62,2
DA:63,2
DA:65,2
DA:66,1
DA:71,1
DA:78,1
DA:79,2
DA:80,2
DA:85,0
DA:92,1
DA:93,0
DA:94,0
DA:98,0
DA:105,1
DA:106,0
DA:107,0
DA:109,0
DA:110,0
DA:115,0
DA:122,1
DA:123,0
DA:125,0
DA:126,0
DA:131,0
DA:138,1
DA:139,0
DA:141,0
DA:142,0
DA:147,0
DA:154,1
DA:155,2
DA:156,2
DA:159,2
DA:162,10
DA:163,10
DA:165,10
DA:166,10
DA:169,2
DA:175,1
DA:176,2
DA:177,2
DA:178,2
DA:179,2
DA:182,2
DA:186,2
DA:187,2
DA:188,2
DA:191,2
DA:192,2
DA:193,2
DA:196,2
DA:197,2
DA:198,1
DA:200,1
DA:203,2
DA:219,1
DA:220,0
DA:221,0
DA:222,0
DA:224,0
DA:225,0
DA:230,0
DA:232,0
DA:243,1
DA:244,0
DA:245,0
DA:247,0
DA:248,0
DA:254,0
DA:255,0
DA:258,0
DA:259,0
DA:266,1
DA:267,2
DA:268,2
DA:269,2
DA:272,2
DA:277,2
DA:278,2
DA:279,9
DA:280,9
DA:281,9
DA:282,9
DA:284,9
DA:291,2
DA:301,1
DA:302,2
DA:303,2
DA:306,2
DA:307,18
DA:308,2
DA:310,2
DA:327,1
DA:328,2
DA:331,2
DA:332,2
DA:333,4
DA:336,3
DA:337,3
DA:341,0
DA:344,3
DA:348,1
DA:351,1
DA:352,1
DA:356,0
DA:362,1
DA:364,1
DA:365,4
DA:367,0
DA:370,1
DA:371,4
DA:374,4
DA:378,0
DA:382,1
DA:383,4
DA:390,1
DA:391,4
DA:393,4
DA:401,4
DA:424,1
DA:426,5
DA:429,5
DA:432,5
DA:442,5
DA:472,1
DA:473,0
DA:476,1
DA:477,10
DA:478,10
DA:481,10
DA:484,1
DA:486,4
end_of_record
SF:./app/controllers/api/v1/performance_reviews_controller.rb
DA:1,1
DA:2,1
DA:3,1
DA:4,1
DA:7,1
DA:8,5
DA:11,5
DA:12,5
DA:15,5
DA:18,5
DA:21,5
DA:24,5
DA:27,5
DA:30,5
DA:32,5
DA:39,1
DA:40,2
DA:46,1
DA:47,4
DA:48,4
DA:49,4
DA:51,4
DA:52,2
DA:57,2
DA:64,1
DA:66,2
DA:67,1
DA:72,1
DA:73,1
DA:78,0
DA:85,1
DA:87,2
DA:88,1
DA:93,1
DA:94,1
DA:96,0
DA:103,1
DA:105,3
DA:106,2
DA:111,1
DA:112,1
DA:117,0
DA:124,1
DA:125,2
DA:126,1
DA:129,1
DA:130,1
DA:135,0
DA:142,1
DA:144,2
DA:145,1
DA:150,1
DA:152,1
DA:153,1
DA:158,0
DA:165,1
DA:166,0
DA:168,0
DA:179,1
DA:180,1
DA:186,1
DA:187,3
DA:188,3
DA:190,3
DA:191,0
DA:192,0
DA:196,3
DA:197,3
DA:198,3
DA:201,3
DA:209,3
DA:218,3
DA:219,1
DA:220,1
DA:223,3
DA:226,1
DA:228,1
DA:229,18
DA:231,2
DA:234,1
DA:235,16
DA:238,16
DA:244,2
DA:248,1
DA:249,5
DA:255,1
DA:256,5
DA:258,15
DA:284,1
DA:286,8
DA:314,3
DA:315,5
DA:322,1
DA:323,0
DA:326,1
DA:327,4
DA:328,4
DA:331,4
DA:334,1
DA:336,5
DA:343,1
DA:345,1
DA:366,1
DA:367,2
DA:368,2
DA:369,2
DA:370,6
DA:371,6
DA:372,6
DA:376,0
DA:378,2
DA:381,1
DA:382,3
DA:383,3
DA:385,1
DA:387,3
DA:394,1
DA:395,3
DA:396,3
DA:398,7
DA:401,1
DA:402,3
DA:404,3
DA:413,1
DA:414,1
DA:415,1
DA:417,1
DA:423,1
DA:430,1
DA:431,1
DA:432,1
DA:438,1
DA:443,1
DA:444,1
DA:445,1
DA:446,1
DA:449,1
DA:450,1
DA:451,6
end_of_record
SF:./app/controllers/api/v1/permissions_controller.rb
DA:1,1
DA:2,1
DA:3,1
DA:4,1
DA:5,1
DA:7,1
DA:8,5
DA:9,4
DA:10,4
DA:11,4
DA:14,1
DA:15,1
DA:16,1
DA:19,1
DA:20,8
DA:21,6
DA:23,6
DA:24,1
DA:26,5
DA:30,1
DA:31,2
DA:32,2
DA:33,1
DA:35,1
DA:39,1
DA:40,4
DA:41,1
DA:42,1
DA:45,1
DA:46,2
DA:47,2
DA:48,1
DA:49,1
DA:51,0
DA:54,1
DA:57,1
DA:59,1
DA:60,23
DA:62,0
DA:65,1
DA:66,8
DA:68,1
DA:71,1
DA:72,8
DA:75,1
DA:76,2
DA:77,3
end_of_record
SF:./app/controllers/api/v1/positions_controller.rb
DA:1,1
DA:2,1
DA:3,1
DA:4,1
DA:7,1
DA:8,3
DA:9,3
DA:10,3
DA:11,3
DA:15,1
DA:16,1
DA:17,1
DA:21,1
DA:22,2
DA:23,2
DA:25,2
DA:26,1
DA:28,1
DA:33,1
DA:34,2
DA:36,2
DA:37,1
DA:39,1
DA:44,1
DA:45,1
DA:46,1
DA:47,1
DA:51,1
DA:52,0
DA:53,0
DA:57,1
DA:58,0
DA:59,0
DA:60,0
DA:61,0
DA:64,1
DA:65,1
DA:66,1
DA:67,1
DA:70,1
DA:71,1
DA:72,1
DA:73,1
DA:76,1
DA:77,3
DA:78,2
DA:79,1
DA:80,1
DA:82,0
DA:85,1
DA:88,1
DA:89,0
DA:90,0
DA:92,0
DA:93,0
DA:95,0
DA:99,1
DA:100,0
DA:101,0
DA:103,0
DA:104,0
DA:106,0
DA:110,1
DA:112,1
DA:113,6
DA:115,1
DA:118,1
DA:119,4
DA:122,1
DA:123,2
DA:124,3
DA:128,1
DA:129,0
DA:130,0
DA:134,1
DA:136,0
end_of_record
SF:./app/controllers/api/v1/users_controller.rb
DA:1,1
DA:2,1
DA:3,1
DA:4,1
DA:5,1
DA:6,1
DA:8,1
DA:9,0
DA:10,0
DA:11,0
DA:13,0
DA:17,1
DA:18,0
DA:19,0
DA:20,0
DA:23,1
DA:24,0
DA:25,0
DA:26,0
DA:27,0
DA:29,0
DA:33,1
DA:34,4
DA:35,4
DA:36,2
DA:37,2
DA:39,2
DA:43,1
DA:44,4
DA:45,4
DA:46,2
DA:47,2
DA:49,2
DA:53,1
DA:54,1
DA:55,1
DA:56,1
DA:59,1
DA:60,1
DA:61,1
DA:64,1
DA:65,2
DA:66,2
DA:67,1
DA:69,1
DA:73,1
DA:74,3
DA:75,3
DA:76,2
DA:77,1
DA:79,1
DA:82,1
DA:86,1
DA:88,1
DA:89,0
DA:92,1
DA:93,4
DA:96,1
DA:97,2
DA:100,1
DA:101,2
end_of_record
SF:./app/controllers/application_controller.rb
DA:1,1
DA:2,1
DA:3,1
DA:5,1
DA:7,1
DA:8,1
DA:9,1
DA:11,1
DA:13,1
DA:14,218
DA:15,25
DA:19,1
DA:20,716
DA:23,1
DA:24,0
DA:27,1
DA:28,0
DA:31,1
DA:32,0
DA:35,1
DA:36,251
end_of_record
SF:./app/controllers/concerns/user_activity.rb
DA:1,1
DA:2,1
DA:4,1
DA:5,1
DA:8,1
DA:10,1
DA:11,134
DA:13,101
DA:16,102
DA:19,1
DA:20,102
end_of_record
SF:./app/controllers/home_controller.rb
DA:1,1
DA:2,1
DA:4,1
DA:5,2
end_of_record
SF:./app/helpers/application_helper.rb
DA:1,1
end_of_record
SF:./app/helpers/home_helper.rb
DA:1,1
end_of_record
SF:./app/jobs/application_job.rb
DA:1,0
DA:7,0
end_of_record
SF:./app/lib/json_web_token.rb
DA:1,1
DA:2,1
DA:4,1
DA:5,41
DA:6,41
DA:9,1
DA:10,37
DA:11,36
DA:13,1
end_of_record
SF:./app/mailers/application_mailer.rb
DA:1,0
DA:2,0
DA:3,0
DA:4,0
end_of_record
SF:./app/models/application_record.rb
DA:1,1
DA:2,1
end_of_record
SF:./app/models/concerns/cacheable.rb
DA:1,1
DA:2,1
DA:4,1
DA:5,1
DA:6,1642
DA:9,1
DA:10,2
DA:11,2
DA:15,1
DA:16,2
DA:18,2
DA:19,2
DA:23,1
DA:24,2
DA:25,2
DA:30,1
DA:31,1639
DA:34,1
DA:35,817
DA:38,1
DA:39,818
DA:42,1
DA:44,1
DA:45,816
DA:46,816
end_of_record
SF:./app/models/department.rb
DA:1,1
DA:2,1
DA:3,1
DA:6,1
DA:7,1
DA:8,1
DA:9,1
DA:10,1
DA:13,1
DA:14,1
DA:15,1
DA:18,1
DA:19,1
DA:20,1
DA:23,1
DA:26,1
DA:27,1
DA:30,1
DA:31,821
DA:32,5
DA:35,1
DA:36,0
DA:39,1
DA:40,0
DA:44,1
DA:46,0
DA:52,1
DA:53,2
DA:54,2
DA:56,2
DA:60,1
DA:61,0
DA:62,0
DA:63,0
DA:67,1
DA:69,4
DA:77,1
DA:79,0
DA:83,0
DA:88,1
DA:90,1
DA:91,807
DA:93,5
DA:94,5
DA:96,5
DA:97,5
DA:98,0
DA:99,0
DA:102,5
DA:103,5
DA:107,1
DA:108,807
DA:109,0
DA:113,1
DA:114,816
DA:117,1
DA:118,816
DA:119,821
DA:122,1
DA:123,816
end_of_record
SF:./app/models/employee.rb
DA:1,1
DA:2,1
DA:4,1
DA:5,1
DA:6,1
DA:7,1
DA:8,1
DA:9,1
DA:10,1
DA:13,1
DA:14,1
DA:15,1
DA:16,1
DA:17,1
DA:18,1
DA:21,1
DA:22,1
DA:24,1
DA:25,1
DA:28,1
DA:31,1
DA:32,1
DA:33,1
DA:36,1
DA:37,1
DA:40,1
DA:41,151
DA:44,1
DA:45,0
DA:46,0
DA:49,1
DA:50,23
DA:53,1
DA:54,0
DA:59,1
DA:60,0
DA:63,1
DA:64,0
DA:67,1
DA:68,0
DA:71,1
DA:72,0
DA:75,1
DA:76,0
DA:79,1
DA:80,0
DA:83,1
DA:84,0
DA:90,1
DA:91,0
DA:92,0
DA:94,0
DA:95,0
DA:98,1
DA:99,0
DA:102,1
DA:103,0
DA:105,0
DA:108,1
DA:110,2
DA:111,2
DA:114,2
DA:116,2
DA:119,1
DA:121,1
DA:122,596
DA:123,77
DA:124,3
DA:128,1
DA:129,596
DA:131,75
DA:132,75
DA:134,75
DA:135,75
DA:136,0
DA:137,0
DA:140,75
DA:141,75
DA:145,1
DA:146,591
DA:147,503
DA:150,1
DA:151,477
DA:154,1
DA:155,573
DA:156,573
DA:159,1
DA:160,592
end_of_record
SF:./app/models/feedback.rb
DA:1,1
DA:2,1
DA:5,1
DA:6,1
DA:7,1
DA:10,1
DA:20,1
DA:21,1
DA:22,1
DA:23,1
DA:24,1
DA:25,1
DA:28,1
DA:31,8
DA:32,1
DA:33,3
DA:34,2
DA:35,1
DA:36,1
DA:37,1
DA:38,1
DA:41,1
DA:42,1
DA:43,1
DA:46,1
DA:47,10
DA:48,10
DA:51,1
DA:52,8
DA:55,1
DA:57,8
DA:61,7
DA:64,1
DA:65,60
DA:67,0
DA:69,0
DA:71,1
DA:73,58
DA:75,1
DA:77,0
DA:81,1
DA:82,16
DA:83,15
DA:84,15
DA:85,15
DA:86,15
DA:89,1
DA:90,21
DA:93,1
DA:94,16
DA:97,1
DA:98,8
DA:101,1
DA:102,0
DA:104,0
DA:105,0
DA:110,0
DA:114,1
DA:115,0
DA:116,0
DA:119,0
DA:129,1
DA:130,0
DA:131,0
DA:133,0
DA:137,0
DA:138,0
DA:140,0
DA:145,0
DA:148,0
DA:150,0
DA:151,0
DA:155,1
DA:156,0
DA:158,0
DA:164,0
DA:165,0
DA:167,0
DA:175,1
DA:176,0
DA:178,0
DA:185,1
DA:187,1
DA:188,90
DA:189,6
DA:193,1
DA:194,90
DA:196,85
DA:198,3
DA:199,0
DA:202,0
DA:203,0
DA:206,79
DA:207,0
DA:212,1
DA:213,90
DA:214,0
DA:218,1
DA:223,1
DA:224,85
DA:227,1
DA:228,0
DA:230,0
DA:231,0
DA:233,0
end_of_record
SF:./app/models/feedback_request.rb
DA:1,1
DA:3,1
DA:4,1
DA:7,1
DA:14,1
DA:23,1
DA:24,1
DA:25,1
DA:28,1
DA:31,1
DA:32,1
DA:33,1
DA:34,1
end_of_record
SF:./app/models/goal.rb
DA:1,1
DA:2,1
DA:5,1
DA:6,1
DA:9,1
DA:17,1
DA:25,1
DA:26,1
DA:27,1
DA:28,1
DA:29,1
DA:30,1
DA:31,1
DA:34,1
DA:37,3
DA:38,3
DA:39,3
DA:40,1
DA:41,2
DA:42,1
DA:43,1
DA:44,1
DA:47,1
DA:48,1
DA:49,1
DA:50,1
DA:51,1
DA:54,1
DA:55,25
DA:56,25
DA:57,25
DA:60,1
DA:62,1
DA:63,35
DA:66,1
DA:67,13
DA:70,1
DA:72,1
DA:73,5
DA:74,0
DA:77,1
DA:78,12
DA:79,11
DA:80,10
DA:81,0
DA:84,1
DA:85,15
DA:87,15
DA:88,15
DA:90,15
DA:91,15
DA:93,0
DA:96,1
DA:97,0
DA:99,0
DA:100,0
DA:101,0
DA:103,0
DA:104,0
DA:105,0
DA:108,0
DA:111,0
DA:113,0
DA:116,1
DA:117,0
DA:119,0
DA:120,0
DA:127,0
DA:130,1
DA:131,0
DA:133,0
DA:134,0
DA:139,0
DA:142,1
DA:143,0
DA:145,0
DA:146,0
DA:151,0
DA:154,1
DA:155,0
DA:157,0
DA:158,0
DA:163,0
DA:167,1
DA:169,17
DA:171,17
DA:177,1
DA:178,12
DA:179,12
DA:180,12
DA:184,1
DA:185,0
DA:187,0
DA:195,1
DA:196,0
DA:197,0
DA:198,0
DA:199,0
DA:204,1
DA:206,5
DA:207,5
DA:208,5
DA:209,5
DA:210,5
DA:212,5
DA:215,1
DA:216,1
DA:218,1
DA:219,1
DA:220,1
DA:221,1
DA:222,1
DA:224,1
DA:227,1
DA:229,1
DA:230,61
DA:231,45
DA:233,39
DA:234,0
DA:238,1
DA:239,62
DA:241,51
DA:242,2
DA:246,1
DA:247,46
DA:248,1
DA:252,1
DA:253,10
DA:254,1
DA:255,9
DA:256,0
DA:260,1
DA:261,5
DA:262,0
DA:266,1
DA:267,46
end_of_record
SF:./app/models/jwt_denylist.rb
DA:1,1
DA:2,1
DA:4,1
end_of_record
SF:./app/models/kpi.rb
DA:1,1
DA:2,1
DA:5,1
DA:6,1
DA:7,1
DA:10,1
DA:17,1
DA:27,1
DA:36,1
DA:37,1
DA:38,1
DA:39,1
DA:40,1
DA:41,1
DA:42,1
DA:43,1
DA:46,1
DA:49,3
DA:50,3
DA:51,1
DA:52,1
DA:53,1
DA:54,1
DA:55,2
DA:56,3
DA:57,3
DA:60,1
DA:61,1
DA:62,1
DA:65,1
DA:66,63
DA:67,62
DA:70,1
DA:71,30
DA:73,30
DA:75,8
DA:77,4
DA:79,4
DA:81,0
DA:83,14
DA:87,1
DA:88,9
DA:91,1
DA:92,5
DA:95,1
DA:96,57
DA:99,1
DA:100,52
DA:101,52
DA:103,52
DA:104,52
DA:106,52
DA:109,1
DA:110,47
DA:111,47
DA:113,47
DA:116,1
DA:117,42
DA:120,1
DA:121,9
DA:124,1
DA:125,0
DA:127,0
DA:129,0
DA:131,0
DA:133,0
DA:135,0
DA:139,1
DA:140,9
DA:142,0
DA:144,3
DA:146,0
DA:148,0
DA:150,6
DA:154,1
DA:155,9
DA:157,0
DA:159,3
DA:161,0
DA:163,0
DA:165,6
DA:169,1
DA:170,0
DA:172,0
DA:173,0
DA:174,0
DA:177,0
DA:178,0
DA:181,0
DA:184,0
DA:186,0
DA:189,1
DA:190,0
DA:192,0
DA:193,0
DA:198,0
DA:201,1
DA:202,0
DA:204,0
DA:205,0
DA:210,0
DA:213,1
DA:214,5
DA:217,1
DA:219,20
DA:220,12
DA:221,8
DA:222,8
DA:224,0
DA:229,1
DA:230,0
DA:231,0
DA:234,0
DA:242,1
DA:243,0
DA:248,1
DA:249,0
DA:251,0
DA:255,0
DA:257,0
DA:266,1
DA:267,0
DA:269,0
DA:277,1
DA:278,0
DA:280,0
DA:281,0
DA:282,0
DA:283,0
DA:298,1
DA:300,1
DA:301,95
DA:303,80
DA:304,0
DA:308,1
DA:309,95
DA:311,85
DA:313,6
DA:314,0
DA:317,0
DA:318,0
DA:323,1
DA:324,80
DA:325,0
DA:329,1
DA:330,80
end_of_record
SF:./app/models/performance_review.rb
DA:1,1
DA:2,1
DA:5,1
DA:6,1
DA:7,1
DA:8,1
DA:9,1
DA:12,1
DA:19,1
DA:28,1
DA:29,1
DA:30,1
DA:31,1
DA:32,1
DA:33,1
DA:36,1
DA:39,1
DA:40,1
DA:41,0
DA:43,1
DA:44,1
DA:45,1
DA:48,1
DA:49,1
DA:50,1
DA:53,1
DA:54,26
DA:56,16
DA:57,5
DA:59,5
DA:60,5
DA:63,1
DA:64,30
DA:65,3
DA:66,3
DA:69,1
DA:71,9
DA:77,1
DA:78,23
DA:81,1
DA:82,23
DA:85,1
DA:86,9
DA:89,1
DA:90,1
DA:92,1
DA:93,1
DA:97,1
DA:100,1
DA:101,1
DA:103,1
DA:104,1
DA:112,1
DA:116,1
DA:117,0
DA:119,0
DA:126,1
DA:127,0
DA:130,1
DA:131,0
DA:134,1
DA:135,0
DA:138,1
DA:140,1
DA:141,66
DA:143,60
DA:144,1
DA:148,1
DA:149,66
DA:150,7
DA:154,1
DA:155,66
DA:158,60
DA:159,1
DA:163,1
DA:164,14
DA:165,1
DA:166,13
DA:167,0
DA:171,1
DA:172,94
end_of_record
SF:./app/models/permission.rb
DA:1,1
DA:2,1
DA:6,1
DA:14,1
DA:21,1
DA:22,1
DA:23,1
DA:25,1
DA:26,1
DA:27,1
DA:29,1
DA:31,1
DA:32,1394
end_of_record
SF:./app/models/position.rb
DA:1,1
DA:2,1
DA:4,1
DA:5,1
DA:6,1
DA:7,1
DA:10,1
DA:11,1
DA:12,1
DA:13,1
DA:16,1
DA:19,2
DA:22,1
DA:23,1
DA:26,1
DA:27,0
DA:28,0
DA:31,1
DA:32,0
DA:35,1
DA:36,0
DA:40,1
DA:41,0
DA:44,1
DA:46,3
DA:56,1
DA:57,1
DA:60,1
DA:62,1
DA:63,654
DA:65,8
DA:66,8
DA:68,8
DA:69,8
DA:70,0
DA:71,0
DA:74,8
DA:75,8
DA:79,1
DA:80,654
DA:81,8
DA:82,0
DA:86,1
DA:87,657
end_of_record
SF:./app/models/rating.rb
DA:1,1
DA:2,1
DA:5,1
DA:8,1
DA:9,1
DA:10,1
DA:11,1
DA:14,1
DA:17,1
DA:18,1
DA:19,1
DA:20,1
DA:21,1
DA:22,1
DA:25,1
DA:26,1
DA:27,1
DA:30,1
DA:31,0
DA:34,1
DA:35,0
DA:37,0
DA:39,0
DA:41,0
DA:43,0
DA:45,0
DA:49,1
DA:50,0
DA:52,0
DA:54,0
DA:56,0
DA:60,1
DA:61,0
DA:64,1
DA:65,0
DA:68,1
DA:69,0
DA:70,0
DA:74,1
DA:75,0
DA:78,0
DA:81,1
DA:82,0
DA:83,0
DA:85,0
DA:86,0
DA:88,0
DA:89,0
DA:92,1
DA:93,0
DA:96,0
DA:97,0
DA:101,0
DA:109,1
DA:110,0
DA:112,0
DA:117,0
DA:118,0
DA:121,1
DA:122,0
DA:124,0
DA:127,0
DA:128,0
DA:131,0
DA:137,0
DA:138,0
DA:139,0
DA:140,0
DA:147,0
DA:148,0
DA:149,0
DA:150,0
DA:151,0
DA:153,0
DA:154,0
DA:155,0
DA:156,0
DA:158,0
DA:161,0
DA:165,0
DA:172,1
DA:173,0
DA:177,0
DA:182,0
DA:183,0
DA:184,0
DA:187,0
DA:195,1
DA:196,0
DA:197,0
DA:198,0
DA:209,1
DA:211,0
DA:224,1
DA:226,1
DA:228,16
DA:231,1
DA:232,16
DA:234,16
end_of_record
SF:./app/models/user.rb
DA:1,1
DA:4,1
DA:9,1
DA:15,1
DA:16,1
DA:17,1
DA:20,1
DA:21,1
DA:22,1
DA:25,1
DA:32,1
DA:34,1
DA:36,0
DA:44,1
DA:45,0
DA:46,0
DA:48,0
DA:55,1
DA:56,1365
DA:63,1
DA:64,0
DA:71,1
DA:72,0
DA:75,1
DA:76,0
DA:79,1
DA:80,80
DA:81,0
DA:84,1
DA:86,1
DA:87,747
DA:88,741
DA:89,1
DA:93,1
DA:94,80
DA:95,0
end_of_record
SF:./app/policies/application_policy.rb
DA:1,1
DA:2,1
DA:4,1
DA:6,1
DA:7,118
DA:8,118
DA:11,1
DA:12,0
DA:15,1
DA:16,1
DA:19,1
DA:20,0
DA:23,1
DA:24,0
DA:27,1
DA:28,2
DA:31,1
DA:32,0
DA:35,1
DA:36,0
DA:39,1
DA:40,1
DA:41,22
DA:42,22
DA:45,1
DA:46,4
DA:47,0
DA:48,4
DA:49,4
DA:51,0
DA:57,1
DA:59,1
DA:62,1
DA:64,1
DA:65,61
DA:68,1
DA:69,39
DA:72,1
DA:73,0
DA:76,1
DA:77,0
DA:78,0
end_of_record
SF:./app/policies/concerns/permission_concern.rb
DA:1,1
DA:2,1
DA:4,1
DA:5,3
DA:6,3
DA:8,0
DA:9,0
DA:12,1
DA:13,0
DA:16,1
DA:17,1
DA:20,1
DA:21,2
DA:24,1
DA:25,0
DA:28,1
DA:29,0
end_of_record
SF:./app/policies/department_policy.rb
DA:1,1
DA:2,1
DA:3,1
DA:4,4
DA:5,4
DA:7,0
DA:12,1
DA:13,0
DA:16,1
DA:17,4
DA:20,1
DA:21,5
DA:24,1
DA:25,4
DA:28,1
DA:29,3
DA:32,1
DA:33,2
DA:36,1
DA:37,0
DA:40,1
DA:41,8
DA:44,1
DA:45,4
DA:48,1
DA:49,3
DA:52,1
DA:53,1
DA:56,1
DA:57,1
end_of_record
SF:./app/policies/employee_policy.rb
DA:1,1
DA:2,1
DA:3,1
DA:4,6
DA:5,6
DA:7,0
DA:12,1
DA:13,0
DA:16,1
DA:17,3
DA:20,1
DA:21,2
DA:24,1
DA:25,2
DA:28,1
DA:29,1
DA:32,1
DA:33,1
DA:36,1
DA:37,3
DA:40,1
DA:41,1
DA:44,1
DA:45,1
DA:48,1
DA:50,1
DA:51,0
end_of_record
SF:./app/policies/permission_policy.rb
DA:1,1
DA:2,1
DA:3,2
end_of_record
SF:./app/policies/position_policy.rb
DA:1,1
DA:2,1
DA:3,1
DA:4,8
DA:5,1
DA:6,7
DA:8,6
DA:9,6
DA:11,1
DA:16,1
DA:17,3
DA:20,1
DA:21,8
DA:22,8
DA:26,1
DA:27,4
DA:30,1
DA:31,5
DA:32,5
DA:35,1
DA:36,4
DA:39,1
DA:40,3
DA:43,1
DA:44,6
DA:47,1
DA:48,1
DA:51,1
DA:52,1
DA:55,1
DA:57,1
DA:58,10
end_of_record
SF:./app/policies/user_policy.rb
DA:1,1
DA:2,1
DA:3,1
DA:4,0
DA:5,0
DA:7,0
DA:12,1
DA:13,3
DA:16,1
DA:17,4
DA:20,1
DA:21,1
DA:24,1
DA:25,1
DA:28,1
DA:29,2
DA:32,1
DA:33,3
DA:36,1
DA:37,21
end_of_record
SF:./app/services/bulk_department_service.rb
DA:1,1
DA:2,1
DA:3,1
DA:5,1
DA:6,1
DA:7,8
DA:8,7
DA:9,6
DA:10,13
DA:11,11
DA:14,3
DA:15,3
DA:16,3
DA:17,6
DA:18,6
DA:21,3
DA:24,1
DA:25,6
DA:26,5
DA:27,10
DA:28,8
DA:31,2
DA:32,2
DA:33,2
DA:34,4
DA:35,4
DA:36,4
DA:37,4
DA:38,4
DA:41,2
DA:44,1
DA:45,7
DA:46,6
DA:48,5
DA:49,5
DA:50,1
DA:53,4
DA:54,4
DA:55,6
DA:56,2
DA:61,4
DA:63,2
DA:67,1
DA:69,1
DA:70,4
DA:71,4
DA:74,0
end_of_record
SF:./app/services/bulk_employee_service.rb
DA:1,1
DA:2,1
DA:3,1
DA:5,1
DA:6,1
DA:7,6
DA:8,5
DA:9,4
DA:12,2
DA:13,2
DA:14,2
DA:15,4
DA:16,4
DA:19,2
DA:22,1
DA:23,8
DA:25,2
DA:28,1
DA:29,3
DA:30,2
DA:32,1
DA:35,1
DA:36,4
DA:37,3
DA:39,6
DA:40,2
DA:43,1
DA:44,5
DA:45,4
DA:46,3
DA:48,6
DA:49,2
DA:52,1
DA:54,1
DA:55,8
DA:58,1
DA:59,7
DA:60,10
DA:61,38
DA:62,38
DA:64,10
DA:67,7
DA:70,1
DA:71,16
DA:72,16
DA:73,6
DA:75,4
DA:76,4
DA:79,1
DA:80,24
DA:81,24
DA:82,24
DA:85,1
DA:86,4
DA:87,4
DA:90,1
DA:91,5
end_of_record
SF:./app/services/bulk_operation_service.rb
DA:1,1
DA:2,1
DA:3,1
DA:5,1
DA:6,59
DA:7,59
DA:11,1
DA:13,1
DA:14,40
DA:15,40
DA:16,40
DA:17,40
DA:20,1
DA:21,1
DA:22,18
DA:25,1
DA:26,14
DA:29,1
DA:30,8
DA:34,1
DA:35,47
DA:38,1
DA:39,14
DA:40,22
DA:41,44
DA:42,44
DA:44,22
DA:47,14
DA:50,1
DA:51,32
DA:52,32
DA:53,12
DA:56,1
DA:57,28
DA:59,71
DA:62,0
DA:63,0
DA:66,28
DA:70,28
DA:71,28
DA:73,0
DA:76,28
DA:77,28
DA:81,1
DA:82,18
DA:83,17
DA:84,10
DA:86,10
DA:87,10
DA:89,10
DA:90,26
DA:91,26
DA:92,24
DA:94,2
DA:95,2
DA:99,10
DA:103,1
DA:104,14
DA:105,39
DA:106,14
DA:108,13
DA:109,13
DA:111,13
DA:112,24
DA:114,24
DA:115,24
DA:116,24
DA:117,21
DA:119,3
DA:120,3
DA:123,0
DA:124,0
DA:128,13
DA:132,1
DA:133,8
DA:134,8
DA:136,6
DA:137,6
DA:139,6
DA:141,18
DA:142,14
DA:143,14
DA:145,0
DA:146,0
DA:149,4
DA:150,4
DA:154,6
DA:158,1
DA:160,1
DA:161,40
DA:164,1
DA:165,15
DA:166,91
DA:167,32
DA:170,15
DA:173,1
DA:174,7
DA:175,27
DA:176,27
DA:177,7
DA:179,7
DA:180,7
DA:184,1
DA:186,14
DA:187,14
DA:188,14
DA:191,1
DA:192,29
DA:193,29
DA:194,29
DA:195,29
DA:197,0
DA:198,0
DA:201,29
DA:204,1
DA:205,15
DA:208,67
DA:213,15
DA:214,15
DA:215,30
DA:216,8
DA:217,8
DA:221,15
DA:222,0
DA:224,0
DA:228,1
DA:229,15
DA:232,63
DA:235,0
DA:237,0
end_of_record
SF:./app/services/bulk_position_service.rb
DA:1,1
DA:2,1
DA:3,1
DA:5,1
DA:6,1
DA:7,8
DA:8,7
DA:9,6
DA:10,5
DA:11,11
DA:14,3
DA:15,3
DA:16,3
DA:17,6
DA:18,6
DA:21,3
DA:24,1
DA:25,5
DA:26,4
DA:27,8
DA:28,6
DA:31,2
DA:32,2
DA:33,2
DA:34,4
DA:35,4
DA:36,4
DA:37,4
DA:38,4
DA:41,2
DA:44,1
DA:45,7
DA:46,6
DA:48,5
DA:49,5
DA:50,1
DA:53,4
DA:54,4
DA:55,6
DA:56,2
DA:61,4
DA:63,2
DA:67,1
DA:68,6
DA:69,5
DA:71,5
DA:72,5
DA:73,1
DA:76,4
DA:77,4
DA:78,1
DA:81,3
DA:82,3
DA:83,5
DA:85,2
DA:89,1
DA:91,1
DA:92,7
DA:93,7
DA:96,1
end_of_record
SF:./app/services/cache_service.rb
DA:1,1
DA:2,1
DA:3,1
DA:4,9
DA:5,9
DA:6,9
DA:9,1
DA:10,2
DA:11,1
DA:13,1
DA:17,1
DA:18,1
DA:19,1
DA:23,1
DA:24,1
DA:26,1
DA:33,1
DA:34,1
DA:35,1
DA:39,1
DA:40,1
DA:41,1
DA:45,1
DA:46,817
DA:49,1
DA:50,658
DA:51,658
DA:54,1
DA:55,593
DA:56,593
DA:57,593
DA:61,1
DA:62,0
DA:63,0
DA:65,0
DA:75,1
DA:76,0
DA:77,0
DA:80,0
DA:89,1
DA:90,0
DA:91,0
DA:94,0
DA:105,1
DA:106,0
DA:107,0
DA:108,0
DA:111,0
DA:120,1
DA:121,110
DA:122,110
DA:123,110
DA:124,110
DA:127,110
DA:128,110
DA:129,110
DA:133,1
DA:134,46
DA:135,46
DA:138,1
DA:139,80
DA:140,80
DA:142,80
DA:143,0
DA:147,1
DA:148,85
DA:149,85
DA:151,85
DA:152,85
DA:156,1
DA:157,0
DA:158,0
DA:160,0
DA:161,0
DA:164,1
DA:165,1
DA:168,1
DA:169,9
DA:171,8
DA:173,1
DA:174,1
DA:177,1
DA:178,819
DA:180,1
DA:181,1
DA:184,1
DA:185,2
DA:187,1
DA:188,1
DA:191,1
DA:192,1639
DA:194,1
DA:195,1
DA:198,1
DA:199,818
DA:201,1
DA:202,1
DA:205,1
DA:206,2
DA:208,1
DA:209,1
DA:212,1
DA:213,2
DA:215,1
DA:216,1
DA:219,1
DA:221,1
DA:222,3293
DA:224,1651
DA:226,1641
DA:228,1
end_of_record
SF:./app/services/permission_service.rb
DA:1,1
DA:2,1
DA:3,483
DA:6,459
DA:7,457
DA:11,459
DA:12,457
DA:16,459
DA:17,458
DA:21,459
DA:22,1
DA:23,1
DA:26,1
DA:27,1
DA:31,1
DA:34,1
DA:40,1
DA:41,578
DA:43,4
DA:44,2
DA:45,2
DA:48,4
DA:49,2
DA:50,2
DA:54,1
DA:55,579
DA:57,5
DA:58,5
DA:60,5
DA:62,3
DA:65,3
DA:66,2
DA:70,3
DA:71,2
end_of_record
